Step	tdbl
0	1.942
1	1.906
2	1.534
3	1.502
4	1.914
5	1.709
6	1.691
7	1.867
8	1.793
9	1.935
10	2.055
11	1.982
12	1.549
13	1.851
14	2.225
15	1.914
16	1.635
17	2.172
18	1.762
19	1.838
20	1.792
21	1.918
22	1.679
23	1.586
24	1.741
25	1.862
26	1.693
27	1.595
28	1.904
29	2.144
30	2.008
31	2.626
32	1.764
33	2.046
34	1.855
35	1.961
36	2.026
37	1.804
38	2.220
39	1.639
40	1.908
41	2.072
42	1.733
43	2.017
44	2.027
45	2.511
46	2.342
47	2.390
48	2.211
49	1.634
50	1.480
51	1.582
52	1.794
53	1.671
54	2.020
55	2.141
56	1.706
57	1.484
58	1.378
59	1.687
60	1.687
61	2.014
62	1.947
63	1.933
64	2.197
65	1.646
66	2.030
67	1.513
68	1.734
69	2.006
70	2.372
71	1.745
72	1.647
73	1.778
74	1.608
75	2.136
76	1.944
77	1.966
78	1.767
79	1.952
80	1.898
81	1.902
82	1.829
83	2.346
84	1.890
85	2.415
86	1.742
87	1.637
88	1.938
89	1.701
90	1.779
91	1.843
92	2.154
93	1.552
94	1.523
95	1.666
96	1.646
97	1.695
98	1.597
99	1.721
100	1.761
101	1.715
102	2.023
103	2.063
104	1.770
105	1.766
106	1.626
107	1.555
108	1.500
109	1.499
110	1.818
111	1.917
112	1.979
113	1.893
114	1.957
115	1.628
116	1.913
117	1.852
118	2.061
119	1.737
120	2.187
121	2.340
122	1.685
123	1.787
124	1.653
125	1.808
126	1.681
127	1.655
128	1.711
129	2.100
130	1.691
131	1.746
132	2.209
133	1.956
134	1.855
135	1.865
136	1.549
137	1.610
138	1.570
139	1.692
140	1.863
141	1.795
142	1.663
143	1.675
144	1.873
145	2.041
146	1.567
147	1.879
148	2.099
149	1.676
150	1.901
151	2.144
152	1.589
153	1.973
154	2.115
155	2.168
156	1.836
157	1.739
158	1.706
159	1.718
160	1.783
161	1.794
162	1.805
163	1.858
164	2.067
165	2.038
166	2.162
167	1.821
168	1.969
169	1.608
170	1.809
171	2.006
172	2.122
173	1.545
174	1.851
175	1.788
176	1.655
177	1.690
178	1.833
179	1.769
180	1.989
181	1.614
182	1.760
183	1.674
184	1.945
185	1.616
186	1.875
187	1.930
188	1.452
189	2.216
190	1.770
191	1.738
192	1.641
193	1.904
194	1.780
195	1.714
196	2.026
197	1.994
198	1.749
199	2.131
200	1.775
201	2.223
202	1.738
203	1.841
204	2.035
205	1.925
206	1.742
207	1.833
208	1.498
209	1.726
210	1.893
211	1.938
212	2.248
213	2.065
214	2.399
215	1.772
216	2.071
217	1.666
218	1.644
219	2.081
220	2.075
221	2.004
222	1.877
223	1.851
224	1.877
225	2.420
226	1.873
227	1.967
228	2.318
229	1.710
230	1.899
231	1.780
232	1.683
233	1.566
234	1.887
235	1.724
236	1.559
237	1.779
238	2.035
239	2.046
240	2.261
241	1.711
242	1.689
243	2.143
244	1.812
245	1.888
246	1.917
247	2.033
248	1.578
249	2.195
250	1.742
251	1.660
252	1.478
253	1.479
254	1.646
255	1.846
256	1.799
257	2.248
258	1.985
259	1.876
260	1.933
261	1.611
262	1.735
263	2.068
264	1.924
265	1.719
266	1.851
267	1.706
268	1.753
269	1.619
270	1.846
271	1.791
272	1.756
273	1.607
274	1.560
275	1.920
276	2.147
277	1.804
278	1.541
279	1.641
280	1.768
281	1.648
282	1.673
283	1.440
284	1.434
285	1.768
286	1.882
287	2.039
288	1.769
289	1.868
290	1.435
291	1.436
292	1.587
293	1.773
294	1.950
295	1.692
296	1.590
297	1.613
298	1.719
299	1.592
300	1.712
301	1.832
302	1.506
303	2.009
304	2.062
305	2.117
306	1.842
307	1.775
308	1.827
309	1.736
310	1.934
311	2.025
312	1.897
313	1.951
314	2.035
315	1.683
316	1.771
317	1.626
318	1.881
319	1.943
320	1.974
321	1.692
322	1.640
323	1.810
324	2.292
325	1.742
326	1.817
327	1.667
328	1.805
329	1.842
330	2.127
331	1.996
332	2.011
333	2.095
334	1.753
335	1.631
336	1.933
337	1.552
338	1.778
339	1.613
340	1.813
341	2.089
342	1.588
343	1.710
344	1.659
345	1.789
346	2.114
347	1.892
348	1.646
349	1.524
350	1.679
351	1.748
352	1.675
353	1.749
354	1.513
355	1.839
356	1.971
357	1.957
358	2.343
359	1.972
360	1.899
361	1.837
362	1.855
363	2.009
364	1.848
365	1.927
366	1.727
367	1.917
368	1.740
369	1.841
370	1.984
371	2.121
372	2.019
373	2.000
374	1.793
375	1.832
376	1.868
377	1.787
378	2.032
379	1.929
380	1.982
381	1.787
382	1.706
383	1.929
384	1.589
385	1.804
386	1.747
387	1.718
388	1.957
389	2.288
390	1.953
391	1.867
392	1.763
393	2.029
394	2.124
395	1.971
396	1.673
397	1.782
398	1.706
399	2.308
400	2.653
401	1.954
402	1.941
403	1.669
404	2.031
405	1.763
406	1.799
407	1.676
408	1.689
409	1.727
410	1.545
411	1.442
412	1.666
413	1.564
414	1.580
415	1.996
416	2.488
417	1.833
418	2.488
419	1.890
420	2.154
421	1.638
422	1.937
423	2.053
424	1.821
425	1.797
426	1.819
427	1.810
428	1.695
429	1.722
430	2.122
431	1.869
432	1.732
433	1.815
434	1.558
435	2.073
436	1.726
437	1.828
438	1.623
439	1.788
440	1.743
441	1.766
442	1.726
443	1.773
444	1.929
445	1.760
446	2.171
447	1.752
448	1.927
449	2.440
450	1.856
451	1.860
452	2.054
453	1.638
454	1.542
455	1.820
456	1.782
457	1.776
458	1.484
459	1.980
460	2.127
461	1.785
462	1.916
463	1.708
464	1.583
465	1.723
466	1.914
467	1.493
468	1.653
469	1.846
470	1.706
471	1.698
472	1.812
473	2.063
474	1.757
475	1.723
476	1.654
477	1.526
478	1.644
479	1.617
480	1.938
481	1.581
482	1.968
483	1.554
484	1.707
485	1.816
486	2.024
487	1.927
488	2.287
489	1.909
490	1.637
491	1.619
492	2.026
493	1.560
494	1.753
495	1.552
496	2.080
497	2.071
498	2.106
499	1.633
500	1.679
501	2.168
502	1.901
503	1.978
504	1.817
505	1.726
506	1.848
507	1.741
508	1.794
509	2.290
510	1.782
511	2.214
512	1.761
513	1.729
514	1.888
515	1.675
516	2.030
517	2.204
518	1.891
519	1.602
520	1.731
521	1.734
522	1.695
523	1.768
524	1.795
525	1.997
526	1.590
527	1.909
528	2.083
529	2.254
530	1.841
531	1.782
532	1.718
533	1.943
534	1.839
535	2.316
536	1.920
537	1.976
538	1.707
539	1.624
540	1.995
541	1.645
542	1.670
543	1.783
544	1.894
545	2.109
546	1.929
547	2.031
548	1.823
549	2.135
550	2.075
551	1.966
552	1.602
553	1.566
554	1.534
555	1.739
556	1.611
557	1.678
558	1.687
559	2.198
560	1.813
561	1.803
562	2.098
563	2.067
564	1.984
565	2.018
566	1.878
567	2.390
568	1.812
569	1.619
570	1.640
571	1.938
572	2.013
573	1.744
574	1.556
575	1.610
576	1.567
577	2.096
578	2.186
579	1.804
580	1.672
581	1.515
582	1.987
583	2.026
584	1.730
585	1.790
586	1.862
587	1.570
588	1.735
589	1.941
590	1.691
591	2.205
592	1.563
593	2.069
594	1.498
595	1.992
596	2.544
597	2.313
598	2.224
599	2.229
600	1.736
601	1.841
602	1.555
603	1.810
604	2.096
605	1.814
606	1.711
607	1.427
608	1.627
609	1.671
610	2.273
611	1.598
612	1.481
613	1.789
614	1.709
615	1.792
616	2.040
617	1.892
618	1.829
619	1.696
620	2.430
621	2.159
622	2.035
623	1.699
624	1.873
625	1.817
626	1.962
627	1.657
628	1.766
629	1.838
630	1.583
631	1.835
632	1.921
633	1.810
634	1.904
635	2.092
636	1.983
637	1.868
638	1.658
639	1.557
640	1.627
641	1.694
642	1.799
643	1.780
644	1.785
645	2.467
646	1.853
647	2.058
648	1.693
649	2.101
650	2.188
651	1.859
652	1.814
653	1.702
654	2.174
655	1.753
656	1.573
657	1.468
658	1.640
659	1.598
660	1.821
661	1.809
662	2.014
663	1.597
664	1.838
665	1.943
666	1.815
667	1.680
668	1.869
669	1.965
670	1.594
671	1.703
672	1.783
673	1.872
674	1.727
675	1.819
676	2.350
677	1.669
678	1.829
679	2.002
680	1.653
681	1.683
682	1.840
683	1.549
684	1.787
685	1.782
686	2.093
687	1.717
688	1.863
689	1.876
690	2.098
691	1.678
692	1.666
693	1.615
694	1.936
695	1.953
696	1.904
697	1.651
698	1.571
699	1.769
700	1.983
701	1.949
702	2.256
703	2.120
704	1.871
705	1.467
706	1.522
707	1.622
708	1.854
709	1.981
710	1.734
711	1.874
712	1.744
713	1.898
714	2.039
715	1.542
716	1.802
717	2.326
718	1.957
719	1.887
720	2.408
721	2.054
722	1.968
723	1.797
724	1.891
725	1.497
726	1.506
727	1.694
728	1.846
729	1.798
730	2.308
731	2.435
732	2.119
733	2.338
734	1.743
735	1.575
736	1.685
737	2.298
738	2.019
739	1.964
740	1.719
741	1.817
742	2.012
743	2.081
744	1.655
745	1.886
746	2.284
747	1.690
748	1.977
749	1.680
750	2.037
751	1.784
752	1.716
753	2.091
754	1.708
755	2.223
756	2.031
757	1.789
758	1.834
759	1.645
760	2.101
761	1.959
762	2.031
763	1.620
764	1.733
765	2.003
766	1.488
767	1.717
768	2.149
769	1.679
770	1.602
771	1.943
772	2.216
773	1.897
774	2.265
775	1.692
776	1.795
777	1.724
778	1.597
779	1.641
780	1.741
781	1.735
782	1.827
783	1.514
784	1.720
785	1.872
786	1.736
787	1.928
788	1.555
789	1.708
790	1.526
791	1.897
792	1.847
793	1.672
794	1.588
795	1.775
796	1.739
797	1.905
798	1.681
799	2.122
800	1.666
801	2.163
802	2.017
803	1.858
804	1.670
805	1.484
806	1.958
807	1.615
808	1.637
809	1.884
810	1.661
811	2.042
812	1.538
813	1.920
814	1.918
815	1.834
816	1.374
817	1.924
818	1.782
819	2.315
820	2.196
821	1.722
822	1.809
823	2.083
824	2.219
825	1.826
826	2.010
827	1.835
828	1.587
829	1.856
830	1.766
831	1.346
832	2.089
833	1.510
834	2.013
835	1.785
836	2.068
837	1.682
838	2.064
839	1.960
840	1.840
841	2.119
842	2.412
843	2.007
844	1.919
845	1.842
846	1.590
847	1.859
848	1.864
849	2.128
850	1.944
851	1.606
852	2.012
853	1.599
854	1.879
855	1.868
856	1.848
857	1.891
858	1.748
859	1.860
860	1.865
861	1.673
862	2.165
863	2.166
864	2.060
865	1.950
866	1.799
867	1.734
868	1.592
869	1.802
870	1.711
871	2.050
872	1.835
873	1.604
874	1.908
875	1.950
876	2.031
877	1.499
878	1.794
879	1.878
880	2.117
881	1.971
882	1.577
883	1.869
884	1.783
885	1.681
886	2.072
887	1.668
888	1.683
889	1.889
890	2.070
891	1.699
892	1.883
893	1.709
894	1.973
895	2.031
896	1.728
897	2.085
898	1.630
899	2.100
900	1.788
901	2.028
902	2.109
903	1.961
904	1.945
905	2.049
906	1.688
907	1.984
908	1.763
909	1.707
910	1.590
911	1.975
912	1.972
913	1.918
914	1.779
915	2.056
916	1.724
917	1.680
918	1.654
919	1.815
920	1.689
921	1.999
922	1.725
923	1.567
924	2.832
925	1.623
926	1.606
927	1.624
928	1.611
929	1.834
930	1.933
931	2.033
932	2.524
933	2.004
934	1.882
935	1.889
936	1.913
937	2.149
938	2.076
939	1.748
940	1.715
941	1.811
942	1.836
943	2.597
944	2.039
945	1.638
946	1.852
947	1.924
948	1.956
949	1.724
950	1.628
951	1.976
952	1.776
953	2.166
954	1.790
955	1.618
956	1.811
957	2.069
958	2.143
959	1.990
960	2.064
961	2.435
962	1.912
963	1.481
964	1.457
965	1.566
966	1.931
967	2.054
968	2.007
969	2.076
970	2.512
971	1.865
972	2.489
973	1.588
974	1.591
975	1.763
976	1.494
977	1.480
978	2.154
979	1.948
980	2.031
981	1.723
982	1.789
983	1.807
984	1.792
985	1.846
986	1.872
987	1.905
988	1.871
989	1.910
990	1.908
991	1.995
992	1.763
993	1.647
994	1.727
995	1.758
996	1.613
997	2.172
998	1.677
999	1.890
1000	1.813
1001	1.769
1002	1.696
1003	1.608
1004	1.809
1005	2.102
1006	1.631
1007	1.585
1008	1.956
1009	1.810
1010	1.675
1011	1.703
1012	1.732
1013	2.142
1014	1.887
1015	2.313
1016	2.160
1017	1.973
1018	1.667
1019	1.648
1020	1.809
1021	1.723
1022	1.882
1023	2.219
1024	2.208
1025	1.625
1026	2.019
1027	1.905
1028	2.275
1029	1.837
1030	1.690
1031	1.779
1032	1.836
1033	1.794
1034	1.649
1035	1.980
1036	1.925
1037	2.269
1038	2.077
1039	1.756
1040	2.282
1041	2.158
1042	2.033
1043	2.284
1044	1.781
1045	1.628
1046	1.635
1047	1.923
1048	1.613
1049	1.376
1050	1.673
1051	1.594
1052	1.732
1053	1.996
1054	1.648
1055	1.580
1056	2.140
1057	1.954
1058	1.981
1059	1.735
1060	2.021
1061	1.878
1062	1.891
1063	1.876
1064	1.847
1065	2.252
1066	1.797
1067	1.708
1068	1.712
1069	2.001
1070	2.208
1071	2.082
1072	1.639
1073	1.761
1074	2.116
1075	2.052
1076	1.699
1077	1.672
1078	2.195
1079	1.843
1080	1.749
1081	1.706
1082	1.798
1083	1.679
1084	1.904
1085	1.732
1086	1.556
1087	1.763
1088	1.771
1089	1.941
1090	2.102
1091	1.707
1092	2.004
1093	1.823
1094	1.972
1095	1.853
1096	1.786
1097	1.776
1098	2.238
1099	2.379
1100	2.032
1101	1.756
1102	1.844
1103	1.919
1104	1.791
1105	2.075
1106	1.794
1107	1.885
1108	1.746
1109	1.692
1110	1.827
1111	2.120
1112	1.886
1113	2.107
1114	1.726
1115	1.628
1116	1.928
1117	1.960
1118	1.719
1119	1.503
1120	1.840
1121	2.138
1122	2.081
1123	2.184
1124	1.906
1125	1.719
1126	1.557
1127	1.578
1128	1.601
1129	1.384
1130	1.891
1131	1.863
1132	1.869
1133	1.756
1134	1.922
1135	1.576
1136	1.862
1137	2.217
1138	1.761
1139	1.958
1140	2.154
1141	1.897
1142	3.055
1143	1.793
1144	1.873
1145	1.691
1146	2.073
1147	2.333
1148	1.822
1149	1.829
1150	1.887
1151	1.922
1152	1.921
1153	1.835
1154	2.137
1155	2.099
1156	2.186
1157	2.152
1158	1.759
1159	1.874
1160	1.655
1161	2.060
1162	2.328
1163	2.076
1164	1.638
1165	1.814
1166	1.671
1167	1.951
1168	1.969
1169	1.737
1170	1.928
1171	1.899
1172	2.186
1173	1.903
1174	1.490
1175	1.856
1176	1.870
1177	1.984
1178	1.809
1179	1.795
1180	1.982
1181	1.746
1182	1.598
1183	1.396
1184	1.590
1185	1.835
1186	1.811
1187	2.393
1188	1.807
1189	1.671
1190	1.845
1191	2.051
1192	1.769
1193	1.690
1194	1.720
1195	1.998
1196	2.243
1197	1.779
1198	1.697
1199	1.845
1200	1.929
1201	1.732
1202	1.952
1203	1.835
1204	1.903
1205	1.839
1206	1.867
1207	1.924
1208	1.954
1209	2.025
1210	1.709
1211	1.574
1212	1.935
1213	1.949
1214	2.302
1215	1.949
1216	1.754
1217	1.744
1218	1.752
1219	1.812
1220	1.737
1221	1.930
1222	2.176
1223	2.348
1224	1.665
1225	1.736
1226	1.686
1227	1.608
1228	1.743
1229	2.073
1230	1.484
1231	1.992
1232	2.039
1233	2.023
1234	2.498
1235	1.858
1236	2.315
1237	2.067
1238	1.886
1239	2.175
1240	1.666
1241	1.641
1242	2.035
1243	1.695
1244	1.990
1245	1.827
1246	2.532
1247	1.755
1248	1.706
1249	1.856
1250	1.965
1251	1.493
1252	1.606
1253	2.102
1254	1.550
1255	1.772
1256	1.865
1257	1.644
1258	1.712
1259	1.652
1260	1.617
1261	1.747
1262	1.948
1263	1.971
1264	1.964
1265	1.740
1266	1.887
1267	1.886
1268	1.649
1269	2.194
1270	1.913
1271	1.935
1272	1.553
1273	1.600
1274	1.628
1275	2.003
1276	2.086
1277	2.124
1278	1.997
1279	2.030
1280	1.881
1281	1.889
1282	1.561
1283	1.881
1284	1.857
1285	2.124
1286	1.827
1287	1.584
1288	1.865
1289	1.471
1290	1.533
1291	1.543
1292	1.801
1293	1.855
1294	1.818
1295	1.725
1296	1.605
1297	1.802
1298	1.617
1299	3.274
1300	1.803
1301	1.805
1302	1.858
1303	2.385
1304	2.120
1305	1.937
1306	2.135
1307	2.080
1308	1.980
1309	1.773
1310	1.714
1311	1.844
1312	1.651
1313	1.729
1314	2.126
1315	1.938
1316	2.028
1317	1.811
1318	1.783
1319	1.725
1320	2.389
1321	2.113
1322	2.114
1323	1.781
1324	2.266
1325	2.285
1326	1.678
1327	2.289
1328	2.236
1329	1.617
1330	1.678
1331	1.399
1332	1.798
1333	1.852
1334	1.991
1335	1.709
1336	1.763
1337	1.757
1338	1.638
1339	1.924
1340	1.612
1341	1.984
1342	1.696
1343	1.852
1344	1.758
1345	1.682
1346	1.558
1347	1.491
1348	1.747
1349	1.877
1350	1.873
1351	1.958
1352	2.181
1353	2.430
1354	1.824
1355	1.721
1356	1.865
1357	2.112
1358	1.734
1359	1.822
1360	2.099
1361	1.661
1362	1.903
1363	1.980
1364	1.785
1365	2.171
1366	2.282
1367	1.900
1368	1.737
1369	1.806
1370	1.704
1371	1.707
1372	1.320
1373	1.353
1374	1.542
1375	1.733
1376	1.829
1377	1.951
1378	2.205
1379	2.220
1380	2.102
1381	1.778
1382	2.271
1383	1.898
1384	1.856
1385	1.853
1386	1.523
1387	1.802
1388	1.713
1389	1.583
1390	1.662
1391	1.920
1392	2.050
1393	1.923
1394	1.488
1395	1.835
1396	1.753
1397	2.130
1398	1.660
1399	1.592
1400	1.788
1401	2.003
1402	1.910
1403	1.931
1404	2.112
1405	1.973
1406	1.796
1407	1.686
1408	1.446
1409	1.880
1410	1.814
1411	2.065
1412	1.667
1413	2.237
1414	1.958
1415	1.728
1416	1.856
1417	2.351
1418	2.098
1419	2.157
1420	1.859
1421	2.006
1422	2.131
1423	2.054
1424	1.687
1425	2.324
1426	1.675
1427	1.647
1428	1.806
1429	1.784
1430	1.799
1431	1.597
1432	1.726
1433	1.840
1434	1.699
1435	1.778
1436	1.513
1437	1.637
1438	1.565
1439	1.507
1440	2.189
1441	2.038
1442	1.814
1443	1.767
1444	1.858
1445	1.795
1446	2.345
1447	1.988
1448	1.967
1449	1.564
1450	2.271
1451	1.808
1452	1.840
1453	1.768
1454	1.822
1455	1.852
1456	1.751
1457	1.923
1458	1.567
1459	2.119
1460	1.754
1461	2.139
1462	1.717
1463	2.107
1464	2.129
1465	2.665
1466	1.665
1467	1.629
1468	1.980
1469	2.471
1470	1.947
1471	1.704
1472	2.061
1473	2.116
1474	2.361
1475	1.738
1476	1.639
1477	2.216
1478	1.622
1479	1.655
1480	1.908
1481	1.976
1482	2.069
1483	1.882
1484	1.893
1485	1.950
1486	1.700
1487	2.193
1488	2.326
1489	1.526
1490	1.757
1491	1.830
1492	1.703
1493	1.667
1494	1.901
1495	1.710
1496	1.485
1497	1.752
1498	1.734
1499	1.734
1500	1.941
1501	1.962
1502	1.675
1503	2.128
1504	1.952
1505	2.187
1506	1.838
1507	2.289
1508	1.862
1509	1.863
1510	1.652
1511	1.618
1512	1.694
1513	1.740
1514	1.642
1515	2.271
1516	1.997
1517	1.750
1518	1.849
1519	1.742
1520	2.048
1521	2.120
1522	1.954
1523	2.255
1524	1.762
1525	1.749
1526	2.101
1527	1.643
1528	1.636
1529	1.666
1530	2.224
1531	2.158
1532	1.793
1533	1.822
1534	1.919
1535	2.591
1536	2.004
1537	1.601
1538	1.505
1539	1.721
1540	1.476
1541	1.759
1542	2.305
1543	1.701
1544	1.699
1545	1.417
1546	1.619
1547	1.939
1548	1.735
1549	2.200
1550	1.804
1551	2.099
1552	1.954
1553	2.051
1554	1.797
1555	1.816
1556	1.967
1557	1.555
1558	1.941
1559	1.773
1560	1.550
1561	1.844
1562	2.363
1563	1.839
1564	2.210
1565	2.120
1566	2.631
1567	1.897
1568	1.676
1569	1.955
1570	2.029
1571	1.752
1572	2.103
1573	2.010
1574	1.962
1575	1.818
1576	1.630
1577	2.055
1578	2.224
1579	1.929
1580	1.811
1581	1.643
1582	2.193
1583	2.515
1584	1.551
1585	1.772
1586	1.767
1587	1.789
1588	1.738
1589	1.798
1590	2.037
1591	2.513
1592	2.056
1593	2.097
1594	1.797
1595	2.002
1596	2.262
1597	1.716
1598	1.836
1599	2.233
1600	1.675
1601	1.763
1602	1.794
1603	1.828
1604	2.110
1605	2.007
1606	1.961
1607	1.666
1608	1.985
1609	2.202
1610	1.910
1611	1.710
1612	1.920
1613	1.719
1614	1.829
1615	1.795
1616	1.946
1617	2.008
1618	1.431
1619	1.598
1620	1.593
1621	2.388
1622	2.252
1623	1.931
1624	2.066
1625	1.834
1626	1.820
1627	1.751
1628	1.891
1629	1.696
1630	1.652
1631	1.659
1632	1.533
1633	1.721
1634	1.809
1635	2.007
1636	1.826
1637	1.709
1638	1.829
1639	1.774
1640	1.922
1641	1.673
1642	1.954
1643	1.702
1644	1.682
1645	2.373
1646	2.150
1647	1.628
1648	1.612
1649	1.605
1650	1.634
1651	1.787
1652	1.433
1653	1.943
1654	1.999
1655	1.922
1656	1.756
1657	1.721
1658	1.535
1659	1.796
1660	1.962
1661	1.997
1662	1.754
1663	2.198
1664	1.582
1665	1.825
1666	1.693
1667	1.696
1668	1.758
1669	2.183
1670	2.473
1671	2.116
1672	1.989
1673	2.381
1674	2.306
1675	1.939
1676	2.249
1677	2.027
1678	2.041
1679	1.934
1680	1.664
1681	1.721
1682	1.573
1683	1.635
1684	1.520
1685	1.527
1686	2.212
1687	2.138
1688	1.694
1689	1.804
1690	1.695
1691	2.265
1692	1.644
1693	1.645
1694	1.997
1695	2.199
1696	1.972
1697	1.779
1698	1.833
1699	1.892
1700	1.951
1701	1.617
1702	1.571
1703	1.833
1704	1.671
1705	1.719
1706	1.577
1707	2.030
1708	1.835
1709	1.919
1710	1.799
1711	2.072
1712	1.734
1713	1.836
1714	1.695
1715	1.879
1716	1.755
1717	1.740
1718	2.119
1719	1.783
1720	1.790
1721	1.761
1722	1.940
1723	1.673
1724	1.935
1725	1.539
1726	1.565
1727	1.507
1728	1.683
1729	1.665
1730	1.949
1731	1.537
1732	1.936
1733	1.829
1734	1.727
1735	2.089
1736	1.883
1737	2.103
1738	2.032
1739	1.783
1740	1.936
1741	2.016
1742	2.026
1743	1.822
1744	1.859
1745	2.141
1746	2.188
1747	2.035
1748	1.667
1749	2.097
1750	2.171
1751	1.913
1752	1.586
1753	1.613
1754	1.443
1755	1.945
1756	1.767
1757	2.015
1758	1.692
1759	1.937
1760	1.864
1761	1.734
1762	1.625
1763	1.554
1764	1.696
1765	2.057
1766	1.953
1767	1.791
1768	1.549
1769	1.372
1770	1.614
1771	1.931
1772	1.555
1773	1.709
1774	1.648
1775	1.921
1776	1.637
1777	1.829
1778	1.559
1779	2.046
1780	1.818
1781	1.952
1782	1.596
1783	1.860
1784	2.029
1785	1.931
1786	1.588
1787	1.885
1788	1.778
1789	2.044
1790	1.544
1791	1.843
1792	1.471
1793	1.686
1794	1.984
1795	2.107
1796	1.855
1797	2.136
1798	1.936
1799	1.832
1800	1.599
1801	1.596
1802	1.911
1803	1.733
1804	1.702
1805	1.559
1806	1.825
1807	2.622
1808	2.449
1809	1.713
1810	2.105
1811	2.064
1812	2.662
1813	2.461
1814	1.890
1815	2.231
1816	1.747
1817	1.688
1818	2.004
1819	1.833
1820	1.954
1821	1.762
1822	1.899
1823	1.824
1824	1.746
1825	2.035
1826	1.947
1827	1.799
1828	1.738
1829	2.028
1830	1.981
1831	1.857
1832	1.701
1833	2.055
1834	1.741
1835	1.795
1836	1.984
1837	1.666
1838	1.803
1839	1.677
1840	1.896
1841	1.842
1842	1.612
1843	1.762
1844	1.819
1845	1.689
1846	1.921
1847	2.006
1848	1.902
1849	1.775
1850	2.074
1851	1.739
1852	1.984
1853	2.334
1854	1.840
1855	2.086
1856	1.581
1857	1.818
1858	2.324
1859	2.473
1860	1.983
1861	1.803
1862	1.432
1863	2.056
1864	1.849
1865	1.720
1866	1.664
1867	1.700
1868	1.716
1869	1.548
1870	1.468
1871	1.566
1872	1.535
1873	1.786
1874	1.612
1875	1.903
1876	2.075
1877	1.610
1878	1.743
1879	1.908
1880	1.466
1881	1.738
1882	1.873
1883	1.629
1884	1.483
1885	1.789
1886	1.757
1887	1.576
1888	1.748
1889	1.509
1890	1.859
1891	1.661
1892	1.730
1893	1.927
1894	1.787
1895	1.516
1896	1.486
1897	1.653
1898	1.747
1899	1.701
1900	1.522
1901	1.956
1902	1.624
1903	1.853
1904	1.603
1905	2.115
1906	1.605
1907	2.029
1908	1.904
1909	1.612
1910	1.693
1911	1.822
1912	1.873
1913	1.691
1914	1.778
1915	1.540
1916	1.648
1917	1.627
1918	1.922
1919	1.611
1920	1.980
1921	2.039
1922	1.683
1923	1.772
1924	1.657
1925	1.390
1926	2.116
1927	1.801
1928	1.903
1929	1.946
1930	2.398
1931	2.429
1932	1.725
1933	2.440
1934	1.740
1935	1.733
1936	1.402
1937	1.545
1938	1.858
1939	1.481
1940	1.817
1941	2.083
1942	1.960
1943	1.943
1944	1.526
1945	1.959
1946	1.793
1947	1.977
1948	1.755
1949	2.097
1950	1.737
1951	1.968
1952	2.736
1953	2.303
1954	1.644
1955	1.661
1956	1.902
1957	1.826
1958	1.729
1959	2.080
1960	1.872
1961	1.781
1962	1.506
1963	1.935
1964	1.970
1965	1.762
1966	1.814
1967	2.113
1968	1.561
1969	1.670
1970	1.879
1971	2.061
1972	2.042
1973	1.870
1974	1.804
1975	2.110
1976	1.751
1977	1.881
1978	1.814
1979	1.604
1980	1.718
1981	1.864
1982	2.079
1983	1.621
1984	1.989
1985	1.737
1986	1.834
1987	1.556
1988	1.516
1989	2.036
1990	2.193
1991	1.610
1992	2.156
1993	1.690
1994	1.577
1995	1.592
1996	1.715
1997	1.850
1998	2.145
1999	1.909
2000	1.968
2001	1.831
2002	1.999
2003	2.480
2004	1.617
2005	1.684
2006	1.964
2007	1.772
2008	2.015
2009	1.907
2010	1.414
2011	1.646
2012	1.721
2013	1.711
2014	1.802
2015	2.074
2016	1.958
2017	1.581
2018	1.731
2019	1.625
2020	1.816
2021	1.851
2022	2.069
2023	2.039
2024	2.002
2025	2.110
2026	1.947
2027	1.738
2028	1.654
2029	1.407
2030	1.718
2031	1.549
2032	1.957
2033	1.823
2034	1.979
2035	1.858
2036	1.719
2037	1.892
2038	1.876
2039	1.509
2040	2.275
2041	1.745
2042	2.087
2043	1.864
2044	2.296
2045	1.667
2046	1.573
2047	1.614
2048	1.807
2049	1.971
2050	1.872
2051	2.107
2052	1.945
2053	2.120
2054	1.998
2055	1.876
2056	1.821
2057	1.571
2058	1.736
2059	1.800
2060	1.878
2061	1.976
2062	2.296
2063	1.739
2064	1.819
2065	1.697
2066	2.021
2067	2.055
2068	2.076
2069	1.902
2070	1.577
2071	1.451
2072	1.592
2073	1.772
2074	2.092
2075	1.894
2076	1.788
2077	1.943
2078	1.891
2079	1.741
2080	2.509
2081	1.955
2082	2.072
2083	2.259
2084	1.698
2085	1.913
2086	1.761
2087	1.953
2088	1.740
2089	1.572
2090	2.095
2091	1.938
2092	1.710
2093	1.902
2094	1.990
2095	3.224
2096	1.996
2097	1.822
2098	1.772
2099	1.932
2100	1.624
2101	1.661
2102	1.641
2103	1.637
2104	1.712
2105	1.942
2106	1.899
2107	1.650
2108	1.524
2109	2.006
2110	2.099
2111	2.078
2112	1.883
2113	1.838
2114	2.353
2115	2.805
2116	1.936
2117	1.816
2118	1.639
2119	1.785
2120	1.825
2121	1.803
2122	2.126
2123	2.227
2124	1.954
2125	1.780
2126	2.143
2127	1.912
2128	1.713
2129	1.900
2130	1.572
2131	1.592
2132	1.871
2133	1.918
2134	1.760
2135	1.809
2136	1.622
2137	1.789
2138	1.549
2139	1.816
2140	1.986
2141	1.800
2142	1.609
2143	1.680
2144	1.896
2145	1.652
2146	1.884
2147	1.727
2148	2.137
2149	1.978
2150	1.990
2151	1.825
2152	2.077
2153	1.742
2154	1.470
2155	2.369
2156	1.842
2157	1.819
2158	2.017
2159	2.180
2160	1.345
2161	1.934
2162	1.568
2163	1.762
2164	2.194
2165	1.797
2166	1.940
2167	1.836
2168	1.627
2169	1.625
2170	2.218
2171	1.944
2172	1.995
2173	1.654
2174	1.834
2175	1.948
2176	1.865
2177	1.980
2178	1.610
2179	1.696
2180	1.759
2181	1.717
2182	2.110
2183	1.473
2184	1.534
2185	1.953
2186	2.351
2187	2.075
2188	1.739
2189	1.842
2190	1.781
2191	2.085
2192	2.172
2193	2.064
2194	1.633
2195	1.862
2196	1.778
2197	1.691
2198	1.901
2199	1.653
2200	1.830
2201	1.585
2202	1.645
2203	1.975
2204	1.623
2205	1.786
2206	1.887
2207	1.553
2208	1.544
2209	1.870
2210	1.854
2211	1.996
2212	1.581
2213	1.944
2214	1.777
2215	1.764
2216	1.999
2217	2.106
2218	2.414
2219	2.302
2220	1.821
2221	1.826
2222	1.691
2223	1.795
2224	1.890
2225	2.185
2226	1.647
2227	1.587
2228	1.624
2229	1.931
2230	1.887
2231	1.805
2232	1.677
2233	1.857
2234	1.928
2235	1.998
2236	1.761
2237	1.997
2238	1.828
2239	2.014
2240	1.721
2241	1.660
2242	1.392
2243	1.680
2244	1.956
2245	2.026
2246	2.108
2247	1.871
2248	1.870
2249	1.923
2250	2.020
2251	1.666
2252	1.715
2253	2.038
2254	2.015
2255	2.299
2256	2.088
2257	2.441
2258	1.756
2259	2.230
2260	2.055
2261	1.986
2262	2.083
2263	1.797
2264	2.010
2265	1.583
2266	1.825
2267	1.954
2268	2.069
2269	1.889
2270	2.072
2271	1.949
2272	1.656
2273	1.559
2274	1.731
2275	1.510
2276	1.925
2277	1.834
2278	1.816
2279	1.949
2280	2.062
2281	1.780
2282	2.384
2283	2.173
2284	2.018
2285	2.012
2286	1.774
2287	2.046
2288	1.864
2289	2.245
2290	1.818
2291	1.686
2292	1.596
2293	1.787
2294	2.569
2295	1.998
2296	2.036
2297	2.062
2298	1.737
2299	1.790
2300	1.995
2301	2.028
2302	1.913
2303	1.787
2304	1.961
2305	1.830
2306	2.055
2307	2.133
2308	1.592
2309	2.582
2310	1.846
2311	1.845
2312	1.873
2313	1.800
2314	1.677
2315	2.122
2316	1.907
2317	1.789
2318	2.122
2319	1.879
2320	1.744
2321	1.763
2322	1.685
2323	2.718
2324	2.059
2325	1.868
2326	1.921
2327	1.879
2328	1.862
2329	1.917
2330	1.818
2331	1.638
2332	1.574
2333	1.566
2334	1.548
2335	1.845
2336	1.786
2337	1.917
2338	1.769
2339	1.949
2340	2.166
2341	1.724
2342	1.815
2343	2.174
2344	1.886
2345	1.841
2346	1.829
2347	1.732
2348	1.784
2349	1.749
2350	1.988
2351	1.707
2352	1.868
2353	1.822
2354	1.901
2355	1.855
2356	1.649
2357	1.915
2358	1.939
2359	1.896
2360	1.694
2361	2.394
2362	1.658
2363	1.712
2364	1.557
2365	2.181
2366	1.867
2367	1.617
2368	2.116
2369	2.076
2370	1.704
2371	1.783
2372	1.787
2373	1.754
2374	1.613
2375	1.836
2376	2.055
2377	1.981
2378	1.857
2379	2.256
2380	1.832
2381	1.627
2382	1.702
2383	1.942
2384	1.886
2385	1.768
2386	1.704
2387	1.989
2388	1.394
2389	1.841
2390	1.535
2391	2.307
2392	1.712
2393	1.907
2394	1.664
2395	1.871
2396	1.826
2397	1.608
2398	1.914
2399	1.873
2400	1.977
2401	2.272
2402	1.727
2403	1.519
2404	1.810
2405	1.738
2406	1.609
2407	1.831
2408	1.598
2409	1.645
2410	1.628
2411	2.330
2412	2.089
2413	1.755
2414	2.030
2415	1.657
2416	1.938
2417	1.990
2418	2.254
2419	1.758
2420	1.702
2421	2.069
2422	2.063
2423	2.713
2424	1.818
2425	1.750
2426	1.599
2427	1.886
2428	1.738
2429	1.603
2430	1.490
2431	2.420
2432	1.977
2433	1.836
2434	1.932
2435	2.064
2436	1.849
2437	1.795
2438	1.682
2439	1.901
2440	1.943
2441	1.871
2442	1.717
2443	2.032
2444	1.801
2445	1.658
2446	1.769
2447	1.822
2448	1.988
2449	2.367
2450	1.759
2451	2.162
2452	2.296
2453	1.567
2454	1.799
2455	2.090
2456	1.903
2457	1.722
2458	1.877
2459	1.833
2460	1.779
2461	1.699
2462	2.034
2463	2.108
2464	1.540
2465	1.359
2466	1.952
2467	1.835
2468	1.643
2469	1.618
2470	2.001
2471	1.557
2472	1.445
2473	1.749
2474	1.820
2475	1.769
2476	1.802
2477	1.736
2478	2.108
2479	1.582
2480	1.387
2481	1.528
2482	1.477
2483	1.559
2484	1.870
2485	1.657
2486	1.665
2487	1.821
2488	1.824
2489	2.321
2490	1.844
2491	1.956
2492	1.671
2493	1.706
2494	2.046
2495	2.058
2496	1.803
2497	1.506
2498	2.039
2499	1.856
2500	2.220
2501	2.096
2502	1.688
2503	1.754
2504	2.324
2505	1.503
2506	1.618
2507	2.159
2508	1.956
2509	1.582
2510	1.564
2511	2.089
2512	1.611
2513	1.686
2514	1.847
2515	1.945
2516	2.156
2517	1.615
2518	1.912
2519	1.784
2520	1.978
2521	1.926
2522	1.725
2523	1.875
2524	1.859
2525	2.228
2526	2.316
2527	1.604
2528	2.108
2529	1.928
2530	1.951
2531	1.879
2532	1.628
2533	1.654
2534	1.827
2535	1.412
2536	1.782
2537	1.654
2538	1.885
2539	2.000
2540	1.721
2541	1.922
2542	1.409
2543	1.481
2544	1.459
2545	1.827
2546	1.412
2547	2.076
2548	1.555
2549	1.531
2550	1.767
2551	1.999
2552	1.705
2553	1.968
2554	2.214
2555	1.871
2556	1.971
2557	1.709
2558	2.260
2559	2.388
2560	1.999
2561	1.711
2562	1.600
2563	1.693
2564	1.695
2565	1.799
2566	2.034
2567	1.961
2568	2.216
2569	1.954
2570	1.906
2571	1.752
2572	2.001
2573	1.554
2574	1.483
2575	1.771
2576	1.923
2577	2.226
2578	2.062
2579	1.857
2580	1.886
2581	1.447
2582	1.688
2583	2.120
2584	2.622
2585	2.068
2586	1.881
2587	1.997
2588	2.135
2589	2.244
2590	2.142
2591	1.742
2592	1.513
2593	1.960
2594	2.418
2595	2.037
2596	1.828
2597	1.878
2598	1.712
2599	1.992
2600	1.616
2601	1.840
2602	1.788
2603	1.756
2604	1.916
2605	1.947
2606	1.552
2607	1.831
2608	1.719
2609	1.895
2610	1.850
2611	1.826
2612	2.097
2613	1.788
2614	1.896
2615	1.875
2616	1.928
2617	1.877
2618	1.699
2619	1.800
2620	1.882
2621	1.736
2622	1.806
2623	1.693
2624	1.884
2625	2.141
2626	2.063
2627	2.194
2628	1.828
2629	1.846
2630	1.688
2631	2.119
2632	2.608
2633	2.234
2634	2.026
2635	1.982
2636	1.817
2637	1.855
2638	1.789
2639	1.864
2640	1.679
2641	2.280
2642	2.059
2643	1.944
2644	1.974
2645	1.507
2646	1.968
2647	2.237
2648	1.894
2649	2.078
2650	2.345
2651	1.990
2652	1.955
2653	2.103
2654	1.679
2655	1.428
2656	1.617
2657	2.174
2658	2.044
2659	2.174
2660	1.758
2661	1.966
2662	1.658
2663	1.598
2664	1.590
2665	2.110
2666	1.841
2667	1.585
2668	2.028
2669	1.997
2670	1.818
2671	2.262
2672	1.795
2673	1.719
2674	1.995
2675	1.691
2676	1.550
2677	1.805
2678	1.753
2679	1.781
2680	2.335
2681	1.803
2682	1.906
2683	1.841
2684	1.919
2685	1.802
2686	2.058
2687	1.624
2688	1.653
2689	2.114
2690	2.757
2691	3.270
2692	1.880
2693	1.646
2694	1.656
2695	1.815
2696	1.606
2697	1.974
2698	1.879
2699	1.667
2700	1.850
2701	2.223
2702	1.984
2703	1.950
2704	1.779
2705	2.030
2706	1.627
2707	2.246
2708	2.056
2709	1.862
2710	1.843
2711	1.657
2712	1.811
2713	1.770
2714	1.603
2715	1.633
2716	1.666
2717	1.595
2718	1.671
2719	1.614
2720	1.581
2721	1.741
2722	1.574
2723	1.756
2724	1.833
2725	1.630
2726	1.739
2727	1.969
2728	1.713
2729	2.576
2730	1.903
2731	1.765
2732	2.024
2733	1.496
2734	1.704
2735	1.937
2736	2.136
2737	2.074
2738	2.053
2739	1.510
2740	1.523
2741	1.759
2742	1.991
2743	1.926
2744	2.189
2745	1.960
2746	1.677
2747	1.511
2748	1.827
2749	1.923
2750	2.120
2751	1.945
2752	1.772
2753	1.634
2754	1.635
2755	1.919
2756	2.003
2757	1.910
2758	2.444
2759	1.917
2760	1.819
2761	1.662
2762	1.623
2763	1.629
2764	1.625
2765	1.715
2766	1.559
2767	1.530
2768	1.622
2769	1.607
2770	1.868
2771	1.767
2772	1.770
2773	1.938
2774	1.633
2775	1.888
2776	1.542
2777	1.665
2778	1.591
2779	1.469
2780	1.701
2781	1.914
2782	1.764
2783	1.586
2784	1.737
2785	2.193
2786	1.546
2787	1.838
2788	1.682
2789	1.602
2790	1.800
2791	1.960
2792	1.795
2793	1.776
2794	2.035
2795	1.481
2796	1.813
2797	1.629
2798	2.157
2799	1.588
2800	1.637
2801	1.883
2802	1.549
2803	1.810
2804	1.584
2805	1.874
2806	1.835
2807	1.917
2808	2.138
2809	1.696
2810	1.964
2811	1.704
2812	1.763
2813	1.730
2814	2.044
2815	1.729
2816	2.032
2817	1.796
2818	2.059
2819	1.937
2820	1.635
2821	1.915
2822	1.723
2823	1.879
2824	1.776
2825	1.559
2826	1.733
2827	1.664
2828	2.042
2829	2.234
2830	2.306
2831	1.755
2832	1.879
2833	2.412
2834	1.764
2835	1.746
2836	2.053
2837	2.168
2838	2.139
2839	1.673
2840	2.001
2841	2.338
2842	2.284
2843	1.932
2844	1.832
2845	1.799
2846	1.976
2847	1.539
2848	1.785
2849	2.007
2850	1.903
2851	2.310
2852	2.450
2853	1.677
2854	1.942
2855	1.888
2856	2.121
2857	1.520
2858	1.643
2859	2.191
2860	1.728
2861	1.912
2862	1.829
2863	1.796
2864	1.918
2865	1.911
2866	1.930
2867	1.724
2868	2.379
2869	1.938
2870	2.021
2871	1.784
2872	1.973
2873	1.724
2874	1.528
2875	1.650
2876	1.890
2877	1.668
2878	1.781
2879	1.998
2880	1.698
2881	1.568
2882	1.813
2883	1.901
2884	1.531
2885	1.788
2886	2.100
2887	2.326
2888	1.714
2889	1.693
2890	1.789
2891	1.695
2892	1.775
2893	1.666
2894	1.702
2895	1.546
2896	2.046
2897	1.736
2898	2.056
2899	1.906
2900	1.914
2901	2.050
2902	1.724
2903	2.174
2904	1.941
2905	1.921
2906	1.703
2907	1.655
2908	1.531
2909	1.399
2910	2.083
2911	2.459
2912	1.764
2913	1.423
2914	1.994
2915	1.840
2916	2.296
2917	1.802
2918	2.267
2919	1.628
2920	1.564
2921	1.571
2922	2.023
2923	1.787
2924	1.897
2925	1.938
2926	2.096
2927	2.346
2928	1.783
2929	2.447
2930	1.633
2931	2.187
2932	2.039
2933	2.063
2934	1.941
2935	2.157
2936	1.843
2937	1.990
2938	1.791
2939	1.827
2940	1.787
2941	1.849
2942	1.947
2943	1.908
2944	1.962
2945	2.028
2946	1.830
2947	1.638
2948	1.787
2949	2.153
2950	1.802
2951	2.574
2952	1.524
2953	1.613
2954	1.828
2955	2.146
2956	2.160
2957	2.133
2958	1.420
2959	1.668
2960	1.402
2961	1.657
2962	1.846
2963	1.994
2964	1.459
2965	1.528
2966	1.704
2967	1.837
2968	2.059
2969	1.730
2970	1.758
2971	1.981
2972	1.878
2973	1.905
2974	2.021
2975	2.082
2976	1.684
2977	1.913
2978	1.702
2979	1.812
2980	1.633
2981	1.792
2982	1.859
2983	1.704
2984	1.786
2985	2.490
2986	2.004
2987	1.718
2988	2.481
2989	1.879
2990	1.596
2991	1.818
2992	2.098
2993	1.440
2994	1.691
2995	1.691
2996	2.020
2997	1.826
2998	1.897
2999	1.796
3000	1.993
3001	2.461
3002	2.025
3003	1.671
3004	1.573
3005	1.919
3006	1.968
3007	1.914
3008	1.715
3009	2.188
3010	1.609
3011	2.074
3012	2.195
3013	1.856
3014	1.683
3015	1.848
3016	1.627
3017	1.552
3018	2.099
3019	2.134
3020	1.653
3021	1.674
3022	1.978
3023	2.257
3024	1.780
3025	1.670
3026	1.862
3027	1.702
3028	1.936
3029	1.838
3030	1.506
3031	1.672
3032	1.741
3033	1.652
3034	2.059
3035	1.805
3036	1.474
3037	1.537
3038	1.598
3039	1.731
3040	1.565
3041	2.017
3042	2.122
3043	1.823
3044	1.928
3045	2.162
3046	1.904
3047	1.949
3048	1.638
3049	1.783
3050	1.618
3051	1.986
3052	1.877
3053	2.176
3054	1.770
3055	1.906
3056	2.051
3057	1.919
3058	1.931
3059	1.693
3060	1.563
3061	1.671
3062	1.867
3063	2.008
3064	1.696
3065	2.353
3066	1.921
3067	1.968
3068	1.826
3069	2.020
3070	1.850
3071	1.985
3072	1.795
3073	1.816
3074	1.509
3075	1.648
3076	2.203
3077	2.261
3078	1.735
3079	2.223
3080	1.785
3081	1.782
3082	1.720
3083	1.747
3084	1.982
3085	2.076
3086	1.772
3087	2.043
3088	2.018
3089	1.783
3090	1.478
3091	1.691
3092	1.757
3093	1.869
3094	1.953
3095	2.275
3096	1.812
3097	1.854
3098	2.157
3099	2.036
3100	1.818
3101	1.583
3102	1.735
3103	1.753
3104	1.613
3105	1.899
3106	1.937
3107	1.401
3108	1.758
3109	1.878
3110	1.851
3111	2.234
3112	1.882
3113	1.815
3114	1.779
3115	2.201
3116	1.621
3117	2.047
3118	2.095
3119	1.797
3120	1.978
3121	1.608
3122	1.582
3123	1.864
3124	1.722
3125	1.996
3126	2.010
3127	2.044
3128	1.558
3129	1.735
3130	1.695
3131	1.973
3132	1.939
3133	1.812
3134	1.884
3135	2.048
3136	1.688
3137	1.734
3138	2.780
3139	2.047
3140	1.910
3141	1.595
3142	1.901
3143	1.886
3144	1.873
3145	1.679
3146	2.163
3147	2.085
3148	2.104
3149	1.892
3150	1.742
3151	1.382
3152	1.897
3153	1.935
3154	1.695
3155	1.468
3156	1.635
3157	1.791
3158	1.616
3159	1.687
3160	1.678
3161	1.906
3162	1.845
3163	1.986
3164	1.995
3165	1.834
3166	2.112
3167	2.197
3168	2.100
3169	1.869
3170	1.951
3171	1.670
3172	1.716
3173	1.826
3174	2.085
3175	1.691
3176	1.703
3177	1.840
3178	1.705
3179	1.646
3180	1.826
3181	1.705
3182	2.309
3183	1.690
3184	2.048
3185	1.718
3186	1.673
3187	2.050
3188	1.729
3189	2.228
3190	1.595
3191	1.600
3192	1.776
3193	1.868
3194	1.922
3195	2.165
3196	1.750
3197	1.885
3198	2.023
3199	1.832
3200	1.619
3201	1.973
3202	1.897
3203	1.952
3204	2.112
3205	1.638
3206	1.878
3207	2.209
3208	2.395
3209	1.891
3210	1.807
3211	1.856
3212	1.914
3213	1.796
3214	1.986
3215	1.899
3216	1.971
3217	1.989
3218	1.591
3219	1.788
3220	2.013
3221	1.714
3222	2.054
3223	1.902
3224	1.682
3225	1.955
3226	1.859
3227	1.823
3228	2.604
3229	2.143
3230	1.890
3231	2.110
3232	1.806
3233	1.757
3234	1.530
3235	1.631
3236	1.534
3237	1.643
3238	1.602
3239	1.846
3240	1.910
3241	2.231
3242	2.025
3243	1.802
3244	1.754
3245	1.741
3246	1.845
3247	1.788
3248	1.655
3249	1.868
3250	1.843
3251	2.000
3252	2.252
3253	1.896
3254	1.735
3255	1.777
3256	1.622
3257	1.897
3258	1.532
3259	1.419
3260	1.775
3261	1.880
3262	1.581
3263	1.503
3264	1.828
3265	1.839
3266	1.598
3267	2.327
3268	2.040
3269	2.372
3270	2.216
3271	2.046
3272	1.895
3273	1.725
3274	1.869
3275	2.040
3276	2.067
3277	1.679
3278	1.525
3279	1.862
3280	1.742
3281	1.782
3282	2.007
3283	2.203
3284	1.547
3285	2.772
3286	2.303
3287	1.894
3288	2.378
3289	1.870
3290	1.783
3291	1.774
3292	1.632
3293	2.245
3294	1.645
3295	1.597
3296	2.486
3297	1.732
3298	1.858
3299	1.671
3300	1.645
3301	1.651
3302	1.820
3303	1.780
3304	1.811
3305	1.929
3306	1.669
3307	2.334
3308	1.755
3309	2.112
3310	1.583
3311	2.206
3312	1.739
3313	1.512
3314	1.610
3315	1.532
3316	2.023
3317	1.997
3318	1.868
3319	1.642
3320	1.770
3321	1.813
3322	2.554
3323	1.873
3324	1.987
3325	1.698
3326	2.084
3327	2.150
3328	1.983
3329	1.725
3330	1.962
3331	1.636
3332	1.597
3333	1.826
3334	1.766
3335	2.051
3336	2.067
3337	1.921
3338	2.254
3339	1.719
3340	1.929
3341	1.756
3342	1.886
3343	2.716
3344	1.794
3345	1.880
3346	1.829
3347	1.820
3348	1.902
3349	1.744
3350	1.449
3351	1.802
3352	1.852
3353	1.615
3354	1.834
3355	1.956
3356	2.051
3357	2.041
3358	2.300
3359	2.810
3360	1.992
3361	2.304
3362	1.799
3363	1.717
3364	1.775
3365	1.812
3366	1.571
3367	1.839
3368	1.926
3369	1.949
3370	1.975
3371	1.846
3372	1.532
3373	1.776
3374	1.581
3375	1.655
3376	2.015
3377	1.687
3378	1.797
3379	1.738
3380	1.740
3381	1.697
3382	2.002
3383	1.796
3384	1.665
3385	1.962
3386	1.897
3387	1.666
3388	1.615
3389	1.754
3390	1.604
3391	2.132
3392	2.043
3393	1.721
3394	1.767
3395	1.722
3396	2.099
3397	1.622
3398	2.311
3399	1.686
3400	1.760
3401	1.706
3402	1.895
3403	1.956
3404	1.965
3405	1.788
3406	1.549
3407	1.792
3408	1.617
3409	1.631
3410	1.470
3411	1.766
3412	2.017
3413	2.071
3414	1.925
3415	2.034
3416	1.770
3417	1.478
3418	1.725
3419	1.605
3420	1.689
3421	1.558
3422	1.865
3423	1.870
3424	1.958
3425	1.751
3426	1.845
3427	2.023
3428	1.714
3429	1.654
3430	1.700
3431	2.081
3432	1.728
3433	1.873
3434	2.058
3435	1.892
3436	1.607
3437	2.028
3438	2.058
3439	2.313
3440	2.669
3441	2.059
3442	1.807
3443	2.154
3444	1.793
3445	1.811
3446	1.720
3447	1.984
3448	1.796
3449	1.939
3450	1.802
3451	1.634
3452	1.571
3453	1.637
3454	1.917
3455	1.755
3456	2.007
3457	1.802
3458	2.228
3459	1.705
3460	2.056
3461	1.619
3462	1.608
3463	1.771
3464	1.690
3465	1.870
3466	1.644
3467	1.562
3468	1.995
3469	1.708
3470	1.679
3471	1.803
3472	2.152
3473	1.986
3474	1.760
3475	2.254
3476	1.654
3477	1.775
3478	1.654
3479	1.872
3480	1.771
3481	1.717
3482	1.801
3483	1.708
3484	1.775
3485	1.791
3486	1.841
3487	2.008
3488	1.744
3489	1.931
3490	1.862
3491	1.961
3492	1.891
3493	1.723
3494	1.709
3495	1.775
3496	1.593
3497	1.930
3498	2.334
3499	1.867
3500	1.936
3501	1.706
3502	1.533
3503	2.072
3504	1.771
3505	1.710
3506	1.637
3507	1.760
3508	1.852
3509	2.255
3510	1.710
3511	1.780
3512	1.826
3513	2.090
3514	1.762
3515	1.607
3516	1.552
3517	1.532
3518	1.999
3519	2.140
3520	2.142
3521	2.076
3522	1.879
3523	1.911
3524	2.038
3525	1.688
3526	1.665
3527	1.636
3528	1.633
3529	2.082
3530	2.124
3531	2.013
3532	1.852
3533	1.760
3534	2.099
3535	1.704
3536	2.108
3537	2.011
3538	2.040
3539	1.815
3540	1.550
3541	1.941
3542	1.821
3543	1.642
3544	1.820
3545	1.833
3546	2.141
3547	1.727
3548	1.779
3549	1.556
3550	1.770
3551	2.094
3552	1.875
3553	2.339
3554	1.550
3555	1.833
3556	1.738
3557	1.988
3558	1.843
3559	1.644
3560	2.677
3561	1.841
3562	1.705
3563	1.742
3564	1.459
3565	1.752
3566	1.735
3567	1.720
3568	1.509
3569	1.758
3570	2.128
3571	1.847
3572	2.444
3573	1.909
3574	1.631
3575	2.316
3576	2.115
3577	1.660
3578	2.105
3579	2.436
3580	2.209
3581	1.624
3582	1.882
3583	1.557
3584	1.778
3585	2.158
3586	1.537
3587	1.800
3588	1.835
3589	1.893
3590	2.123
3591	1.987
3592	2.201
3593	2.134
3594	2.326
3595	1.803
3596	1.878
3597	1.949
3598	2.011
3599	1.981
3600	1.852
3601	2.065
3602	2.317
3603	1.728
3604	1.853
3605	1.691
3606	1.964
3607	1.740
3608	2.137
3609	1.901
3610	2.174
3611	1.527
3612	1.653
3613	1.673
3614	1.506
3615	1.575
3616	2.288
3617	2.294
3618	1.673
3619	1.407
3620	1.905
3621	1.492
3622	1.792
3623	1.866
3624	1.772
3625	1.931
3626	1.929
3627	1.869
3628	2.074
3629	1.952
3630	1.694
3631	2.153
3632	1.573
3633	1.526
3634	1.900
3635	1.633
3636	1.727
3637	1.956
3638	1.846
3639	1.674
3640	1.647
3641	1.663
3642	1.718
3643	1.541
3644	1.752
3645	1.578
3646	1.646
3647	1.525
3648	1.704
3649	1.679
3650	1.509
3651	1.794
3652	1.824
3653	1.991
3654	2.171
3655	1.811
3656	2.140
3657	1.880
3658	2.119
3659	1.885
3660	1.912
3661	1.744
3662	1.883
3663	1.931
3664	1.873
3665	1.544
3666	1.757
3667	1.553
3668	2.414
3669	2.098
3670	2.027
3671	1.874
3672	1.808
3673	1.691
3674	1.653
3675	1.921
3676	2.013
3677	2.458
3678	1.834
3679	1.589
3680	1.781
3681	1.897
3682	1.990
3683	1.584
3684	1.757
3685	1.593
3686	1.983
3687	1.762
3688	1.853
3689	1.966
3690	2.155
3691	1.890
3692	2.116
3693	1.485
3694	1.877
3695	2.134
3696	1.930
3697	1.955
3698	1.662
3699	1.907
3700	1.814
3701	1.892
3702	1.730
3703	1.895
3704	1.967
3705	1.694
3706	2.901
3707	2.781
3708	1.988
3709	1.944
3710	1.542
3711	2.035
3712	1.736
3713	1.714
3714	1.660
3715	1.492
3716	1.848
3717	2.066
3718	2.030
3719	1.768
3720	1.607
3721	1.725
3722	1.686
3723	1.765
3724	1.791
3725	1.533
3726	1.860
3727	2.013
3728	1.791
3729	1.890
3730	1.732
3731	1.886
3732	1.579
3733	1.975
3734	1.805
3735	1.899
3736	2.144
3737	1.723
3738	1.917
3739	1.646
3740	1.963
3741	1.464
3742	1.657
3743	1.725
3744	1.645
3745	2.073
3746	1.600
3747	1.856
3748	1.895
3749	1.777
3750	1.770
3751	1.757
3752	1.754
3753	1.702
3754	2.464
3755	1.701
3756	1.519
3757	1.572
3758	1.696
3759	1.449
3760	1.938
3761	1.832
3762	1.893
3763	1.665
3764	1.519
3765	2.047
3766	2.086
3767	1.902
3768	1.663
3769	1.365
3770	1.644
3771	2.015
3772	1.542
3773	1.816
3774	2.025
3775	1.767
3776	2.656
3777	1.821
3778	1.861
3779	1.886
3780	1.788
3781	1.835
3782	1.791
3783	2.429
3784	2.803
3785	1.659
3786	1.757
3787	1.898
3788	2.009
3789	2.076
3790	2.010
3791	1.808
3792	1.960
3793	1.717
3794	1.907
3795	1.678
3796	1.620
3797	1.818
3798	1.749
3799	1.575
3800	2.270
3801	1.944
3802	2.443
3803	1.645
3804	1.583
3805	1.818
3806	1.847
3807	2.009
3808	1.839
3809	1.959
3810	1.749
3811	1.698
3812	2.073
3813	1.838
3814	1.742
3815	1.799
3816	1.555
3817	1.806
3818	1.628
3819	1.975
3820	2.303
3821	2.161
3822	2.020
3823	2.074
3824	1.685
3825	1.725
3826	1.828
3827	2.012
3828	2.430
3829	1.901
3830	1.839
3831	1.641
3832	1.842
3833	1.812
3834	1.687
3835	2.115
3836	1.697
3837	2.082
3838	1.953
3839	2.429
3840	1.789
3841	2.050
3842	1.929
3843	1.675
3844	1.656
3845	1.808
3846	1.759
3847	1.699
3848	1.598
3849	2.054
3850	1.985
3851	1.804
3852	1.954
3853	1.645
3854	1.681
3855	2.551
3856	1.894
3857	1.850
3858	1.525
3859	1.674
3860	1.973
3861	2.055
3862	1.864
3863	1.585
3864	1.534
3865	1.886
3866	1.541
3867	1.647
3868	1.660
3869	1.974
3870	1.937
3871	1.888
3872	1.834
3873	1.518
3874	1.656
3875	1.756
3876	1.708
3877	1.711
3878	1.899
3879	1.783
3880	1.647
3881	1.887
3882	1.788
3883	2.627
3884	2.398
3885	1.707
3886	1.934
3887	1.779
3888	1.673
3889	1.725
3890	1.503
3891	1.785
3892	1.660
3893	1.559
3894	2.210
3895	2.153
3896	2.034
3897	2.265
3898	1.884
3899	2.046
3900	1.852
3901	1.670
3902	1.492
3903	1.776
3904	1.724
3905	2.008
3906	1.884
3907	1.911
3908	2.199
3909	1.734
3910	1.663
3911	1.963
3912	1.852
3913	2.003
3914	1.895
3915	1.928
3916	1.803
3917	1.864
3918	2.261
3919	1.796
3920	2.235
3921	1.920
3922	1.807
3923	1.416
3924	1.603
3925	1.855
3926	1.980
3927	1.866
3928	1.804
3929	1.754
3930	1.687
3931	1.871
3932	1.708
3933	1.435
3934	2.014
3935	1.750
3936	1.874
3937	1.839
3938	1.870
3939	2.162
3940	1.971
3941	1.497
3942	1.958
3943	1.683
3944	2.020
3945	1.739
3946	1.863
3947	1.769
3948	2.029
3949	1.576
3950	1.616
3951	2.138
3952	1.912
3953	1.590
3954	1.827
3955	2.140
3956	1.859
3957	1.841
3958	1.918
3959	1.609
3960	1.382
3961	1.837
3962	1.624
3963	1.792
3964	1.538
3965	1.723
3966	1.676
3967	1.670
3968	1.653
3969	1.895
3970	1.747
3971	1.907
3972	1.978
3973	1.848
3974	1.837
3975	1.618
3976	1.676
3977	2.119
3978	1.856
3979	2.068
3980	1.572
3981	2.204
3982	1.943
3983	1.950
3984	2.009
3985	1.552
3986	1.966
3987	1.926
3988	2.102
3989	1.990
3990	1.692
3991	1.660
3992	2.123
3993	2.156
3994	2.181
3995	1.775
3996	1.837
3997	1.830
3998	1.657
3999	1.692
4000	2.242
4001	1.601
4002	1.881
4003	1.833
4004	1.760
4005	1.616
4006	1.611
4007	2.173
4008	1.590
4009	2.110
4010	2.113
4011	1.934
4012	2.225
4013	1.994
4014	1.754
4015	1.545
4016	1.868
4017	1.613
4018	1.672
4019	2.197
4020	2.085
4021	2.043
4022	1.859
4023	1.624
4024	2.287
4025	1.752
4026	2.010
4027	1.704
4028	1.993
4029	1.780
4030	1.969
4031	2.224
4032	1.603
4033	2.269
4034	1.771
4035	1.984
4036	2.020
4037	1.991
4038	1.590
4039	1.759
4040	2.246
4041	1.716
4042	1.975
4043	1.769
4044	2.281
4045	2.075
4046	1.929
4047	1.662
4048	1.841
4049	1.611
4050	1.951
4051	1.896
4052	1.980
4053	1.807
4054	2.052
4055	1.650
4056	2.162
4057	2.402
4058	1.948
4059	1.716
4060	1.878
4061	1.833
4062	2.028
4063	1.712
4064	1.816
4065	1.959
4066	1.596
4067	1.829
4068	2.118
4069	2.016
4070	1.730
4071	2.038
4072	1.608
4073	1.419
4074	1.497
4075	1.699
4076	1.981
4077	2.330
4078	1.998
4079	2.325
4080	1.878
4081	1.809
4082	1.963
4083	1.453
4084	1.831
4085	1.701
4086	1.646
4087	2.028
4088	1.544
4089	1.790
4090	1.836
4091	1.848
4092	1.916
4093	2.450
4094	1.600
4095	1.456
4096	1.740
4097	2.621
4098	1.968
4099	1.810
4100	1.814
4101	1.935
4102	1.970
4103	1.771
4104	2.097
4105	1.753
4106	1.919
4107	1.858
4108	1.717
4109	1.910
4110	1.898
4111	2.130
4112	1.822
4113	1.836
4114	1.914
4115	2.109
4116	1.717
4117	1.710
4118	1.604
4119	1.720
4120	1.774
4121	1.966
4122	1.984
4123	2.272
4124	1.956
4125	2.088
4126	1.901
4127	1.673
4128	1.693
4129	1.758
4130	1.821
4131	1.813
4132	1.780
4133	2.204
4134	1.765
4135	1.769
4136	1.792
4137	1.666
4138	2.112
4139	1.538
4140	2.071
4141	2.827
4142	1.818
4143	1.864
4144	2.233
4145	1.738
4146	2.253
4147	1.835
4148	2.606
4149	1.679
4150	1.935
4151	1.763
4152	1.612
4153	1.768
4154	1.751
4155	2.111
4156	1.599
4157	1.500
4158	1.798
4159	1.471
4160	1.614
4161	2.192
4162	1.620
4163	2.401
4164	1.980
4165	1.666
4166	1.924
4167	1.681
4168	1.757
4169	1.725
4170	2.112
4171	1.870
4172	1.930
4173	1.909
4174	2.041
4175	1.767
4176	1.615
4177	1.827
4178	1.861
4179	1.748
4180	1.718
4181	1.945
4182	1.940
4183	1.964
4184	1.977
4185	1.992
4186	2.027
4187	2.005
4188	1.928
4189	1.689
4190	1.842
4191	1.978
4192	1.732
4193	1.694
4194	1.938
4195	2.069
4196	1.676
4197	1.643
4198	2.329
4199	1.971
4200	3.455
4201	2.094
4202	1.739
4203	2.295
4204	1.995
4205	2.442
4206	2.104
4207	1.815
4208	1.707
4209	2.099
4210	1.977
4211	2.310
4212	2.010
4213	2.106
4214	1.811
4215	1.822
4216	1.976
4217	2.200
4218	1.977
4219	1.902
4220	1.868
4221	1.938
4222	1.627
4223	2.055
4224	2.053
4225	1.661
4226	1.860
4227	2.051
4228	2.061
4229	2.303
4230	1.944
4231	1.670
4232	1.825
4233	1.947
4234	1.891
4235	1.694
4236	1.812
4237	1.773
4238	2.013
4239	1.896
4240	1.531
4241	1.631
4242	1.836
4243	2.610
4244	1.784
4245	1.686
4246	1.669
4247	1.721
4248	1.596
4249	1.756
4250	1.702
4251	2.252
4252	1.909
4253	2.423
4254	1.811
4255	1.859
4256	1.680
4257	1.648
4258	3.199
4259	1.979
4260	1.908
4261	1.717
4262	1.679
4263	1.723
4264	2.142
4265	1.902
4266	1.855
4267	1.826
4268	1.690
4269	2.136
4270	1.927
4271	1.562
4272	1.855
4273	1.867
4274	2.222
4275	2.031
4276	1.708
4277	2.026
4278	1.751
4279	2.064
4280	1.618
4281	1.728
4282	1.727
4283	1.754
4284	1.933
4285	2.033
4286	1.809
4287	1.973
4288	1.920
4289	2.673
4290	1.993
4291	1.916
4292	1.773
4293	1.650
4294	1.946
4295	2.044
4296	1.596
4297	1.997
4298	2.022
4299	2.084
4300	2.104
4301	1.471
4302	2.009
4303	1.793
4304	1.581
4305	1.851
4306	1.658
4307	1.914
4308	1.796
4309	2.117
4310	1.839
4311	1.802
4312	1.571
4313	2.411
4314	1.895
4315	1.593
4316	1.682
4317	2.367
4318	1.763
4319	1.680
4320	1.484
4321	1.919
4322	1.702
4323	2.188
4324	1.811
4325	1.995
4326	1.523
4327	1.681
4328	1.706
4329	1.786
4330	1.914
4331	1.973
4332	1.764
4333	2.204
4334	1.908
4335	1.682
4336	2.107
4337	1.626
4338	1.840
4339	1.659
4340	1.560
4341	1.899
4342	1.795
4343	2.395
4344	2.342
4345	1.997
4346	1.838
4347	1.891
4348	2.983
4349	2.572
4350	1.998
4351	1.823
4352	1.694
4353	2.070
4354	1.715
4355	2.010
4356	1.790
4357	1.654
4358	1.654
4359	2.355
4360	1.930
4361	1.381
4362	2.035
4363	2.257
4364	2.063
4365	1.897
4366	1.803
4367	1.958
4368	1.465
4369	1.465
4370	1.751
4371	1.902
4372	2.070
4373	1.854
4374	1.770
4375	2.152
4376	1.693
4377	2.262
4378	1.851
4379	1.785
4380	1.672
4381	2.077
4382	1.932
4383	1.814
4384	1.688
4385	1.808
4386	1.737
4387	1.613
4388	1.832
4389	1.944
4390	1.577
4391	1.795
4392	1.500
4393	1.890
4394	1.769
4395	2.271
4396	2.419
4397	2.112
4398	2.298
4399	1.678
4400	1.908
4401	1.854
4402	1.594
4403	2.168
4404	1.747
4405	2.114
4406	1.691
4407	1.828
4408	1.932
4409	1.899
4410	1.781
4411	1.944
4412	1.916
4413	2.010
4414	1.756
4415	1.810
4416	1.658
4417	2.007
4418	1.929
4419	1.794
4420	1.959
4421	1.697
4422	1.648
4423	2.044
4424	1.832
4425	2.119
4426	1.575
4427	1.878
4428	1.616
4429	1.699
4430	1.728
4431	1.676
4432	1.900
4433	1.688
4434	1.821
4435	1.631
4436	1.922
4437	2.217
4438	1.916
4439	2.500
4440	1.921
4441	1.866
4442	1.587
4443	2.057
4444	1.829
4445	1.763
4446	2.014
4447	1.681
4448	1.724
4449	1.458
4450	2.105
4451	1.915
4452	1.654
4453	1.869
4454	1.813
4455	1.586
4456	1.721
4457	2.236
4458	1.972
4459	1.520
4460	1.588
4461	1.658
4462	1.799
4463	1.839
4464	1.736
4465	1.688
4466	1.643
4467	2.131
4468	2.136
4469	2.562
4470	1.801
4471	2.247
4472	1.966
4473	2.241
4474	2.026
4475	1.730
4476	1.717
4477	1.687
4478	1.985
4479	1.914
4480	1.821
4481	2.290
4482	1.892
4483	1.793
4484	1.860
4485	1.946
4486	1.835
4487	1.906
4488	2.100
4489	1.687
4490	2.019
4491	1.759
4492	1.949
4493	1.748
4494	2.057
4495	1.727
4496	2.101
4497	1.896
4498	1.636
4499	2.108
4500	1.645
4501	1.685
4502	1.817
4503	1.795
4504	2.301
4505	2.142
4506	1.890
4507	1.926
4508	2.542
4509	2.049
4510	2.085
4511	1.793
4512	1.905
4513	1.513
4514	1.388
4515	1.741
4516	1.575
4517	1.572
4518	1.903
4519	1.698
4520	1.822
4521	1.888
4522	1.952
4523	1.703
4524	1.599
4525	1.782
4526	1.889
4527	1.807
4528	1.540
4529	1.790
4530	1.683
4531	1.898
4532	1.465
4533	1.586
4534	1.927
4535	1.844
4536	1.972
4537	1.730
4538	1.558
4539	1.624
4540	1.720
4541	1.826
4542	1.658
4543	1.809
4544	1.660
4545	2.058
4546	1.963
4547	1.534
4548	1.999
4549	1.806
4550	2.443
4551	1.908
4552	2.066
4553	2.095
4554	2.134
4555	2.182
4556	1.916
4557	1.680
4558	1.705
4559	1.569
4560	1.748
4561	1.814
4562	2.014
4563	1.719
4564	2.468
4565	1.831
4566	1.729
4567	1.565
4568	2.223
4569	2.286
4570	1.918
4571	1.950
4572	2.005
4573	1.971
4574	1.767
4575	1.963
4576	2.080
4577	2.418
4578	2.143
4579	2.009
4580	1.788
4581	1.692
4582	1.856
4583	1.687
4584	1.752
4585	1.474
4586	1.926
4587	1.819
4588	1.542
4589	1.756
4590	1.773
4591	1.904
4592	2.013
4593	1.535
4594	1.729
4595	1.768
4596	1.844
4597	2.116
4598	1.886
4599	1.935
4600	2.011
4601	2.068
4602	1.720
4603	1.758
4604	2.036
4605	1.843
4606	2.066
4607	1.815
4608	1.893
4609	2.275
4610	1.984
4611	2.211
4612	1.762
4613	1.657
4614	1.790
4615	1.696
4616	1.858
4617	1.590
4618	1.833
4619	1.604
4620	1.584
4621	2.016
4622	1.957
4623	1.716
4624	1.914
4625	2.059
4626	2.035
4627	1.577
4628	2.069
4629	1.809
4630	1.596
4631	1.836
4632	1.508
4633	1.825
4634	1.743
4635	1.686
4636	1.741
4637	2.099
4638	1.784
4639	1.780
4640	2.018
4641	1.998
4642	1.632
4643	1.812
4644	2.426
4645	1.503
4646	1.872
4647	1.864
4648	1.798
4649	1.523
4650	1.806
4651	2.291
4652	1.865
4653	2.345
4654	1.891
4655	1.958
4656	2.005
4657	1.897
4658	1.949
4659	2.474
4660	2.357
4661	1.917
4662	2.421
4663	2.013
4664	1.838
4665	2.318
4666	1.934
4667	1.700
4668	1.700
4669	1.580
4670	2.366
4671	1.701
4672	1.791
4673	1.497
4674	1.709
4675	1.853
4676	2.151
4677	1.730
4678	1.490
4679	1.696
4680	1.778
4681	1.661
4682	1.993
4683	1.804
4684	1.671
4685	2.017
4686	2.044
4687	1.804
4688	1.581
4689	1.617
4690	1.830
4691	2.202
4692	2.115
4693	1.553
4694	2.108
4695	2.509
4696	2.421
4697	1.684
4698	1.686
4699	2.071
4700	2.067
4701	1.667
4702	1.948
4703	1.916
4704	1.732
4705	1.653
4706	1.668
4707	1.613
4708	1.772
4709	1.656
4710	2.275
4711	2.071
4712	2.428
4713	1.643
4714	2.066
4715	2.277
4716	1.953
4717	2.159
4718	1.759
4719	1.931
4720	1.871
4721	1.814
4722	2.011
4723	1.638
4724	1.539
4725	1.925
4726	1.595
4727	1.447
4728	1.744
4729	1.602
4730	1.837
4731	2.118
4732	1.906
4733	2.282
4734	1.540
4735	1.887
4736	2.083
4737	1.663
4738	1.793
4739	1.725
4740	1.938
4741	1.799
4742	1.754
4743	1.707
4744	1.854
4745	1.783
4746	1.937
4747	1.833
4748	1.782
4749	1.622
4750	1.698
4751	1.936
4752	1.786
4753	1.900
4754	1.733
4755	2.132
4756	1.851
4757	1.778
4758	2.230
4759	1.459
4760	2.009
4761	1.660
4762	2.057
4763	1.741
4764	1.870
4765	1.665
4766	2.231
4767	1.950
4768	2.715
4769	2.974
4770	2.143
4771	1.758
4772	2.505
4773	2.926
4774	2.479
4775	2.094
4776	1.860
4777	2.185
4778	2.316
4779	2.049
4780	1.735
4781	1.845
4782	1.480
4783	1.807
4784	2.098
4785	2.054
4786	1.709
4787	1.581
4788	1.638
4789	1.945
4790	1.604
4791	1.673
4792	1.619
4793	1.712
4794	1.678
4795	1.535
4796	1.525
4797	1.743
4798	2.260
4799	2.049
4800	1.806
4801	1.798
4802	2.040
4803	1.948
4804	1.982
4805	1.928
4806	1.524
4807	1.658
4808	1.969
4809	2.097
4810	1.906
4811	2.038
4812	1.977
4813	2.152
4814	3.026
4815	1.884
4816	1.941
4817	1.811
4818	2.006
4819	1.825
4820	1.788
4821	1.989
4822	1.941
4823	1.704
4824	1.807
4825	1.859
4826	1.838
4827	1.707
4828	1.658
4829	1.674
4830	1.683
4831	1.633
4832	2.142
4833	2.000
4834	1.760
4835	1.929
4836	1.756
4837	1.860
4838	2.703
4839	1.830
4840	2.251
4841	1.953
4842	2.073
4843	1.800
4844	1.792
4845	2.391
4846	2.588
4847	1.986
4848	1.741
4849	1.805
4850	1.879
4851	1.714
4852	2.130
4853	1.963
4854	1.609
4855	1.712
4856	1.918
4857	1.775
4858	1.543
4859	1.671
4860	1.713
4861	1.866
4862	2.217
4863	2.136
4864	2.083
4865	1.872
4866	1.568
4867	1.850
4868	1.915
4869	1.913
4870	1.642
4871	1.711
4872	1.958
4873	1.778
4874	1.987
4875	2.094
4876	1.699
4877	2.265
4878	1.696
4879	1.886
4880	2.170
4881	1.785
4882	1.712
4883	1.765
4884	1.611
4885	1.666
4886	2.029
4887	1.738
4888	1.771
4889	2.190
4890	1.941
4891	2.124
4892	1.944
4893	1.636
4894	2.130
4895	2.354
4896	1.749
4897	1.643
4898	1.836
4899	2.245
4900	1.914
4901	1.845
4902	1.964
4903	1.806
4904	1.821
4905	1.925
4906	1.817
4907	1.990
4908	2.172
4909	1.699
4910	2.113
4911	2.021
4912	2.250
4913	2.086
4914	2.003
4915	2.102
4916	1.857
4917	1.629
4918	1.944
4919	1.738
4920	1.905
4921	1.759
4922	1.943
4923	1.842
4924	2.094
4925	1.806
4926	1.710
4927	2.188
4928	1.772
4929	2.060
4930	1.755
4931	1.641
4932	1.875
4933	2.002
4934	1.758
4935	1.603
4936	1.558
4937	1.826
4938	1.767
4939	1.625
4940	1.825
4941	1.973
4942	1.563
4943	1.843
4944	1.754
4945	1.972
4946	1.815
4947	1.904
4948	2.283
4949	2.012
4950	1.761
4951	1.794
4952	2.099
4953	1.715
4954	1.368
4955	1.873
4956	1.753
4957	1.811
4958	1.588
4959	1.888
4960	1.743
4961	1.792
4962	1.942
4963	1.561
4964	1.827
4965	1.525
4966	1.599
4967	1.847
4968	1.839
4969	1.602
4970	1.825
4971	1.674
4972	1.714
4973	1.790
4974	1.647
4975	1.850
4976	1.845
4977	1.858
4978	2.093
4979	2.179
4980	1.930
4981	1.798
4982	1.947
4983	1.794
4984	1.890
4985	2.048
4986	1.824
4987	1.726
4988	2.036
4989	1.865
4990	1.953
4991	1.731
4992	1.686
4993	1.533
4994	1.663
4995	1.921
4996	1.726
4997	1.669
4998	2.088
4999	1.833
5000	1.571
5001	1.697
5002	1.904
5003	2.093
5004	2.223
5005	2.148
5006	1.816
5007	1.767
5008	1.767
5009	2.036
5010	2.228
5011	2.092
5012	2.242
5013	2.066
5014	2.234
5015	1.981
5016	1.538
5017	1.992
5018	1.764
5019	1.657
5020	1.773
5021	2.141
5022	2.070
5023	1.849
5024	1.950
5025	1.758
5026	1.738
5027	1.895
5028	1.928
5029	1.664
5030	1.551
5031	1.912
5032	1.626
5033	2.064
5034	2.451
5035	1.926
5036	2.213
5037	1.896
5038	1.905
5039	2.021
5040	1.760
5041	2.152
5042	2.222
5043	1.489
5044	1.708
5045	1.664
5046	1.783
5047	2.163
5048	1.516
5049	1.673
5050	2.266
5051	2.241
5052	1.914
5053	1.793
5054	1.982
5055	1.731
5056	1.927
5057	1.553
5058	1.859
5059	1.760
5060	1.953
5061	1.746
5062	2.152
5063	1.671
5064	1.777
5065	1.900
5066	1.868
5067	1.641
5068	1.797
5069	1.705
5070	1.787
5071	1.689
5072	1.611
5073	1.629
5074	1.817
5075	2.030
5076	2.161
5077	1.817
5078	2.829
5079	1.948
5080	1.715
5081	1.586
5082	1.594
5083	1.755
5084	1.579
5085	2.097
5086	1.619
5087	2.507
5088	1.821
5089	2.103
5090	2.025
5091	2.055
5092	1.613
5093	1.901
5094	2.401
5095	1.869
5096	1.787
5097	1.634
5098	1.886
5099	1.933
5100	2.034
5101	1.931
5102	1.949
5103	1.661
5104	2.123
5105	2.127
5106	1.869
5107	1.978
5108	1.849
5109	2.116
5110	1.893
5111	1.802
5112	1.805
5113	1.949
5114	1.578
5115	1.752
5116	1.608
5117	2.150
5118	1.749
5119	1.775
5120	2.098
5121	1.921
5122	1.908
5123	1.992
5124	1.740
5125	1.785
5126	2.136
5127	1.865
5128	1.871
5129	1.475
5130	1.604
5131	1.966
5132	1.758
5133	1.912
5134	1.728
5135	1.729
5136	1.512
5137	1.700
5138	1.647
5139	1.817
5140	1.452
5141	1.674
5142	1.425
5143	1.810
5144	2.226
5145	1.863
5146	1.778
5147	1.748
5148	1.522
5149	2.320
5150	1.820
5151	1.817
5152	2.013
5153	1.693
5154	1.746
5155	2.119
5156	1.766
5157	1.694
5158	1.798
5159	1.908
5160	1.957
5161	1.737
5162	2.138
5163	1.960
5164	1.875
5165	1.701
5166	1.971
5167	2.061
5168	1.885
5169	2.087
5170	2.022
5171	1.877
5172	1.694
5173	1.942
5174	1.713
5175	1.941
5176	1.812
5177	1.524
5178	1.687
5179	2.233
5180	1.563
5181	1.665
5182	2.028
5183	2.184
5184	1.917
5185	2.172
5186	1.658
5187	1.731
5188	1.933
5189	1.925
5190	1.897
5191	2.010
5192	1.527
5193	2.040
5194	1.987
5195	1.955
5196	1.804
5197	1.858
5198	2.007
5199	1.711
5200	2.100
5201	1.744
5202	1.805
5203	2.013
5204	2.098
5205	1.776
5206	1.903
5207	2.052
5208	1.655
5209	2.012
5210	1.983
5211	1.635
5212	1.874
5213	1.651
5214	1.598
5215	2.086
5216	1.823
5217	1.897
5218	1.890
5219	1.792
5220	1.597
5221	1.644
5222	1.670
5223	1.630
5224	1.674
5225	1.937
5226	1.853
5227	1.566
5228	1.985
5229	1.993
5230	2.331
5231	1.742
5232	1.623
5233	1.600
5234	1.892
5235	1.834
5236	1.994
5237	1.995
5238	2.113
5239	1.568
5240	2.061
5241	2.199
5242	1.495
5243	1.573
5244	2.066
5245	2.278
5246	2.026
5247	1.910
5248	2.250
5249	1.896
5250	1.750
5251	1.608
5252	1.825
5253	1.855
5254	1.711
5255	1.947
5256	2.063
5257	1.750
5258	1.780
5259	1.503
5260	1.838
5261	1.697
5262	1.921
5263	2.106
5264	1.991
5265	2.143
5266	1.892
5267	1.832
5268	2.085
5269	1.624
5270	2.002
5271	2.083
5272	1.729
5273	1.814
5274	1.878
5275	1.974
5276	1.594
5277	1.775
5278	1.638
5279	2.072
5280	2.007
5281	1.898
5282	1.960
5283	2.285
5284	1.929
5285	1.749
5286	1.736
5287	1.957
5288	1.894
5289	1.883
5290	1.882
5291	1.908
5292	1.728
5293	2.004
5294	1.937
5295	1.787
5296	1.643
5297	1.485
5298	1.786
5299	2.114
5300	2.090
5301	1.828
5302	2.140
5303	1.726
5304	1.597
5305	1.671
5306	2.198
5307	2.206
5308	2.166
5309	2.338
5310	2.104
5311	1.924
5312	1.919
5313	1.685
5314	1.601
5315	1.831
5316	2.240
5317	2.166
5318	2.219
5319	1.689
5320	1.729
5321	1.958
5322	1.642
5323	1.631
5324	1.556
5325	1.644
5326	1.567
5327	2.092
5328	1.492
5329	1.818
5330	1.762
5331	1.691
5332	1.763
5333	1.638
5334	2.394
5335	1.827
5336	2.039
5337	1.657
5338	1.938
5339	1.940
5340	1.789
5341	2.003
5342	1.629
5343	2.071
5344	2.289
5345	1.610
5346	2.157
5347	2.009
5348	1.810
5349	2.141
5350	2.052
5351	2.252
5352	1.841
5353	1.880
5354	1.921
5355	1.742
5356	2.075
5357	1.842
5358	1.524
5359	1.793
5360	1.741
5361	2.049
5362	1.825
5363	2.008
5364	1.860
5365	1.756
5366	1.930
5367	1.891
5368	2.181
5369	2.252
5370	1.891
5371	1.960
5372	2.341
5373	1.705
5374	1.958
5375	1.633
5376	1.754
5377	1.589
5378	1.821
5379	1.725
5380	1.643
5381	1.720
5382	1.576
5383	1.889
5384	1.775
5385	1.691
5386	1.874
5387	1.807
5388	1.524
5389	1.666
5390	1.465
5391	1.679
5392	1.968
5393	2.050
5394	2.028
5395	2.245
5396	2.233
5397	1.867
5398	1.968
5399	1.924
5400	1.853
5401	2.144
5402	1.826
5403	1.706
5404	1.603
5405	1.758
5406	1.851
5407	1.902
5408	1.852
5409	1.434
5410	1.779
5411	1.866
5412	1.655
5413	1.875
5414	1.676
5415	2.039
5416	2.760
5417	1.966
5418	1.847
5419	1.515
5420	1.710
5421	1.722
5422	2.049
5423	1.938
5424	1.736
5425	2.104
5426	2.214
5427	1.994
5428	2.129
5429	2.099
5430	2.298
5431	1.980
5432	1.937
5433	1.901
5434	2.454
5435	1.907
5436	2.044
5437	1.773
5438	1.734
5439	1.951
5440	2.765
5441	1.745
5442	1.800
5443	1.582
5444	1.740
5445	2.131
5446	2.109
5447	1.954
5448	1.848
5449	1.767
5450	2.066
5451	1.911
5452	1.971
5453	2.006
5454	1.814
5455	1.964
5456	2.130
5457	2.169
5458	1.827
5459	1.961
5460	1.877
5461	1.969
5462	1.791
5463	2.032
5464	1.828
5465	2.111
5466	1.991
5467	2.120
5468	1.882
5469	1.768
5470	1.603
5471	1.813
5472	1.795
5473	1.623
5474	1.601
5475	1.871
5476	2.102
5477	1.717
5478	1.920
5479	1.690
5480	1.551
5481	1.652
5482	1.747
5483	1.851
5484	1.587
5485	1.775
5486	1.759
5487	2.244
5488	1.659
5489	1.670
5490	2.102
5491	1.780
5492	2.120
5493	1.974
5494	2.316
5495	1.927
5496	1.798
5497	1.567
5498	1.614
5499	1.783
5500	1.842
5501	1.773
5502	1.626
5503	1.466
5504	1.689
5505	1.538
5506	1.826
5507	2.040
5508	1.451
5509	1.727
5510	1.717
5511	2.143
5512	2.045
5513	2.005
5514	1.983
5515	1.823
5516	1.829
5517	1.867
5518	2.091
5519	2.464
5520	1.823
5521	1.682
5522	1.581
5523	1.943
5524	2.068
5525	1.709
5526	1.385
5527	2.165
5528	1.888
5529	1.869
5530	1.714
5531	1.656
5532	2.061
5533	1.556
5534	1.721
5535	1.804
5536	1.966
5537	1.956
5538	1.678
5539	2.077
5540	1.958
5541	1.940
5542	1.939
5543	2.100
5544	2.333
5545	1.729
5546	1.594
5547	1.759
5548	1.710
5549	1.973
5550	2.209
5551	2.445
5552	2.363
5553	2.142
5554	2.951
5555	1.907
5556	1.837
5557	2.267
5558	1.833
5559	1.757
5560	1.795
5561	1.517
5562	1.745
5563	1.706
5564	1.853
5565	1.917
5566	1.631
5567	1.653
5568	1.487
5569	1.803
5570	1.699
5571	1.973
5572	1.669
5573	2.069
5574	1.690
5575	1.658
5576	1.706
5577	2.064
5578	1.863
5579	1.898
5580	1.984
5581	1.673
5582	1.746
5583	1.704
5584	1.756
5585	1.958
5586	1.744
5587	1.689
5588	2.027
5589	2.005
5590	1.673
5591	1.496
5592	1.671
5593	1.669
5594	1.665
5595	1.806
5596	1.557
5597	1.676
5598	1.880
5599	2.124
5600	1.698
5601	1.609
5602	1.804
5603	1.818
5604	1.699
5605	1.549
5606	1.755
5607	1.760
5608	1.958
5609	1.933
5610	2.130
5611	1.906
5612	1.970
5613	1.763
5614	1.735
5615	1.835
5616	1.658
5617	2.088
5618	1.620
5619	1.862
5620	2.161
5621	1.737
5622	1.714
5623	1.934
5624	1.810
5625	1.543
5626	1.677
5627	1.755
5628	1.701
5629	1.507
5630	1.554
5631	1.877
5632	1.720
5633	1.894
5634	1.571
5635	1.682
5636	1.564
5637	1.555
5638	1.768
5639	2.307
5640	1.653
5641	1.768
5642	1.796
5643	1.641
5644	1.828
5645	1.681
5646	1.901
5647	1.672
5648	1.937
5649	1.970
5650	2.045
5651	2.239
5652	1.939
5653	2.072
5654	1.807
5655	1.877
5656	2.037
5657	1.690
5658	1.730
5659	1.809
5660	2.184
5661	1.881
5662	1.736
5663	1.878
5664	1.950
5665	1.769
5666	1.480
5667	1.669
5668	1.970
5669	1.913
5670	1.690
5671	1.885
5672	1.819
5673	1.590
5674	2.181
5675	1.784
5676	1.547
5677	1.817
5678	1.511
5679	1.715
5680	1.935
5681	2.589
5682	2.119
5683	1.583
5684	1.825
5685	1.759
5686	1.849
5687	1.818
5688	1.580
5689	1.812
5690	1.678
5691	1.796
5692	2.010
5693	1.579
5694	2.225
5695	1.918
5696	2.028
5697	2.042
5698	1.759
5699	1.721
5700	2.161
5701	1.933
5702	1.707
5703	1.990
5704	1.962
5705	1.764
5706	1.738
5707	1.821
5708	2.030
5709	1.710
5710	1.789
5711	1.645
5712	1.693
5713	1.877
5714	1.832
5715	1.918
5716	1.735
5717	1.794
5718	1.834
5719	2.039
5720	1.725
5721	1.634
5722	1.998
5723	2.230
5724	1.947
5725	1.964
5726	1.791
5727	1.670
5728	1.797
5729	1.886
5730	1.901
5731	1.971
5732	1.804
5733	1.953
5734	1.749
5735	2.495
5736	1.726
5737	1.669
5738	1.680
5739	1.862
5740	2.135
5741	1.682
5742	1.701
5743	2.032
5744	2.092
5745	2.163
5746	2.019
5747	1.774
5748	1.518
5749	1.563
5750	1.521
5751	1.966
5752	1.485
5753	1.735
5754	2.088
5755	1.664
5756	1.551
5757	1.718
5758	1.742
5759	1.723
5760	1.581
5761	1.991
5762	1.949
5763	1.815
5764	1.792
5765	1.709
5766	1.957
5767	1.660
5768	1.764
5769	1.670
5770	1.809
5771	2.052
5772	1.902
5773	1.700
5774	1.991
5775	1.969
5776	2.160
5777	1.897
5778	2.254
5779	1.925
5780	1.697
5781	1.923
5782	2.152
5783	1.775
5784	1.999
5785	1.980
5786	2.102
5787	1.888
5788	1.957
5789	1.813
5790	1.976
5791	1.732
5792	1.850
5793	1.722
5794	1.632
5795	1.617
5796	1.522
5797	2.104
5798	2.609
5799	1.867
5800	1.808
5801	1.714
5802	1.478
5803	1.993
5804	2.301
5805	1.560
5806	1.899
5807	2.049
5808	1.596
5809	1.736
5810	1.833
5811	1.806
5812	1.830
5813	2.285
5814	1.624
5815	1.961
5816	1.710
5817	2.357
5818	1.634
5819	2.171
5820	1.728
5821	1.410
5822	2.203
5823	1.763
5824	1.753
5825	1.871
5826	2.303
5827	1.864
5828	1.718
5829	1.836
5830	1.846
5831	1.635
5832	1.833
5833	2.168
5834	1.801
5835	1.602
5836	1.683
5837	1.897
5838	1.729
5839	1.967
5840	1.771
5841	2.347
5842	2.193
5843	1.726
5844	1.769
5845	1.887
5846	1.708
5847	1.949
5848	2.199
5849	1.636
5850	1.844
5851	1.630
5852	1.969
5853	1.713
5854	1.510
5855	1.672
5856	1.669
5857	2.034
5858	1.895
5859	1.824
5860	1.706
5861	1.665
5862	1.706
5863	2.283
5864	1.675
5865	1.923
5866	2.073
5867	2.010
5868	2.047
5869	1.755
5870	1.441
5871	2.334
5872	1.806
5873	1.603
5874	1.468
5875	1.573
5876	1.690
5877	2.043
5878	2.371
5879	2.092
5880	2.482
5881	1.947
5882	1.685
5883	1.552
5884	1.784
5885	1.791
5886	1.664
5887	1.791
5888	1.714
5889	1.841
5890	1.710
5891	1.353
5892	1.730
5893	1.523
5894	1.535
5895	1.705
5896	1.817
5897	1.797
5898	1.899
5899	1.640
5900	1.737
5901	1.519
5902	1.889
5903	1.694
5904	1.572
5905	1.777
5906	2.224
5907	1.672
5908	1.793
5909	1.626
5910	1.665
5911	1.767
5912	1.845
5913	1.903
5914	1.824
5915	1.676
5916	2.070
5917	2.049
5918	1.782
5919	2.386
5920	1.916
5921	1.945
5922	1.625
5923	1.578
5924	1.595
5925	1.915
5926	1.943
5927	2.131
5928	1.931
5929	1.946
5930	2.203
5931	1.467
5932	1.419
5933	1.629
5934	1.858
5935	2.115
5936	1.742
5937	2.087
5938	1.984
5939	1.951
5940	1.839
5941	1.795
5942	2.225
5943	1.745
5944	1.518
5945	1.642
5946	2.027
5947	1.494
5948	1.832
5949	1.704
5950	1.755
5951	1.925
5952	1.459
5953	2.161
5954	2.127
5955	1.673
5956	1.814
5957	2.238
5958	2.056
5959	1.634
5960	1.763
5961	1.430
5962	1.639
5963	2.008
5964	1.723
5965	1.713
5966	1.773
5967	1.978
5968	1.667
5969	2.053
5970	1.758
5971	1.957
5972	2.245
5973	1.752
5974	1.966
5975	2.032
5976	1.844
5977	1.650
5978	1.702
5979	2.015
5980	2.007
5981	1.683
5982	1.652
5983	1.848
5984	1.932
5985	2.108
5986	2.444
5987	1.754
5988	1.839
5989	1.733
5990	1.734
5991	1.788
5992	2.058
5993	1.812
5994	1.757
5995	2.242
5996	2.164
5997	1.991
5998	1.695
5999	2.121
6000	1.618
6001	1.825
6002	1.892
6003	1.519
6004	1.747
6005	1.804
6006	2.000
6007	1.582
6008	2.112
6009	1.721
6010	1.498
6011	1.636
6012	1.788
6013	1.929
6014	2.393
6015	2.195
6016	1.746
6017	1.893
6018	2.189
6019	1.944
6020	2.088
6021	1.787
6022	1.657
6023	1.789
6024	2.271
6025	2.259
6026	1.723
6027	1.916
6028	1.602
6029	1.852
6030	1.745
6031	2.007
6032	2.171
6033	2.138
6034	1.607
6035	1.454
6036	1.907
6037	1.641
6038	1.907
6039	1.594
6040	1.999
6041	1.809
6042	1.841
6043	1.768
6044	1.872
6045	2.150
6046	1.536
6047	1.635
6048	1.695
6049	1.815
6050	1.543
6051	1.803
6052	1.687
6053	1.783
6054	1.508
6055	1.834
6056	2.055
6057	1.778
6058	1.608
6059	1.789
6060	1.671
6061	1.792
6062	2.210
6063	1.897
6064	1.706
6065	1.681
6066	1.638
6067	2.174
6068	1.714
6069	1.786
6070	1.624
6071	1.744
6072	1.621
6073	1.424
6074	1.489
6075	1.762
6076	1.884
6077	1.764
6078	1.853
6079	1.927
6080	1.635
6081	1.608
6082	2.113
6083	1.671
6084	1.725
6085	1.658
6086	1.682
6087	1.881
6088	1.930
6089	1.592
6090	1.661
6091	1.983
6092	1.887
6093	1.675
6094	1.434
6095	2.071
6096	2.108
6097	2.124
6098	1.726
6099	1.772
6100	1.583
6101	1.590
6102	1.927
6103	1.832
6104	1.505
6105	1.528
6106	2.210
6107	1.774
6108	1.842
6109	2.233
6110	2.140
6111	1.879
6112	1.778
6113	1.890
6114	1.840
6115	1.761
6116	2.122
6117	1.930
6118	1.932
6119	1.506
6120	1.936
6121	1.700
6122	2.006
6123	2.011
6124	1.991
6125	1.622
6126	1.742
6127	1.675
6128	1.511
6129	1.543
6130	2.446
6131	1.792
6132	2.158
6133	2.040
6134	1.918
6135	1.996
6136	1.872
6137	1.646
6138	1.960
6139	1.741
6140	1.746
6141	1.904
6142	1.625
6143	1.948
6144	1.884
6145	1.814
6146	1.821
6147	2.072
6148	2.161
6149	2.263
6150	1.676
6151	1.737
6152	1.884
6153	2.038
6154	2.047
6155	1.963
6156	1.783
6157	1.563
6158	1.656
6159	1.792
6160	1.998
6161	2.082
6162	1.679
6163	1.766
6164	2.211
6165	2.098
6166	2.101
6167	2.027
6168	1.775
6169	1.720
6170	2.040
6171	1.853
6172	1.744
6173	1.507
6174	1.691
6175	1.624
6176	2.103
6177	1.995
6178	1.523
6179	1.714
6180	1.576
6181	1.479
6182	1.898
6183	1.637
6184	1.709
6185	1.854
6186	2.298
6187	1.757
6188	1.757
6189	1.838
6190	1.639
6191	1.832
6192	1.932
6193	1.542
6194	2.386
6195	2.166
6196	1.983
6197	1.846
6198	1.866
6199	1.730
6200	2.091
6201	2.293
6202	1.760
6203	1.582
6204	1.902
6205	1.675
6206	1.697
6207	2.184
6208	1.874
6209	1.528
6210	1.679
6211	1.947
6212	1.768
6213	2.171
6214	1.790
6215	1.721
6216	2.011
6217	2.092
6218	2.073
6219	2.010
6220	1.637
6221	1.772
6222	2.400
6223	1.856
6224	2.076
6225	1.720
6226	1.829
6227	1.551
6228	2.375
6229	2.150
6230	1.838
6231	1.763
6232	1.781
6233	1.476
6234	1.897
6235	2.037
6236	1.701
6237	1.592
6238	1.918
6239	1.732
6240	1.891
6241	1.738
6242	1.641
6243	2.171
6244	1.687
6245	1.728
6246	2.094
6247	1.579
6248	1.415
6249	1.500
6250	1.754
6251	1.974
6252	1.833
6253	1.683
6254	1.735
6255	2.060
6256	1.783
6257	1.811
6258	1.805
6259	1.798
6260	1.836
6261	1.894
6262	1.901
6263	1.465
6264	1.463
6265	1.439
6266	1.891
6267	1.738
6268	1.888
6269	1.712
6270	1.905
6271	1.895
6272	2.410
6273	2.106
6274	1.872
6275	1.495
6276	1.679
6277	1.673
6278	1.668
6279	1.904
6280	1.853
6281	1.793
6282	1.925
6283	2.144
6284	1.809
6285	2.212
6286	1.927
6287	1.768
6288	2.061
6289	1.577
6290	1.740
6291	2.465
6292	2.039
6293	2.229
6294	1.724
6295	1.633
6296	1.532
6297	1.890
6298	1.557
6299	1.636
6300	1.900
6301	1.674
6302	1.768
6303	1.809
6304	1.926
6305	1.582
6306	2.002
6307	1.866
6308	1.839
6309	1.713
6310	2.223
6311	1.791
6312	1.832
6313	1.826
6314	2.059
6315	1.645
6316	1.811
6317	1.954
6318	2.189
6319	1.618
6320	1.560
6321	2.354
6322	1.877
6323	1.630
6324	2.135
6325	2.116
6326	1.671
6327	1.525
6328	1.618
6329	1.874
6330	2.028
6331	1.715
6332	2.020
6333	1.976
6334	1.699
6335	1.485
6336	1.618
6337	1.797
6338	1.998
6339	2.122
6340	1.662
6341	2.221
6342	1.989
6343	2.607
6344	2.066
6345	1.897
6346	1.615
6347	2.243
6348	2.408
6349	1.924
6350	1.741
6351	1.715
6352	1.724
6353	2.005
6354	1.954
6355	1.706
6356	1.807
6357	2.441
6358	2.111
6359	2.054
6360	2.018
6361	2.132
6362	2.196
6363	2.096
6364	1.727
6365	1.672
6366	1.653
6367	1.693
6368	1.650
6369	1.685
6370	2.597
6371	2.163
6372	1.593
6373	1.680
6374	1.750
6375	1.606
6376	1.514
6377	1.613
6378	1.820
6379	1.812
6380	1.941
6381	1.552
6382	1.916
6383	1.538
6384	1.964
6385	1.995
6386	1.828
6387	1.861
6388	2.048
6389	1.699
6390	1.851
6391	2.005
6392	1.803
6393	1.541
6394	1.803
6395	1.705
6396	1.976
6397	1.945
6398	1.586
6399	1.892
6400	1.991
6401	2.030
6402	2.417
6403	2.029
6404	1.879
6405	1.841
6406	1.687
6407	1.766
6408	1.808
6409	1.687
6410	1.746
6411	1.497
6412	1.877
6413	1.754
6414	2.187
6415	1.686
6416	1.893
6417	2.132
6418	1.806
6419	2.823
6420	2.044
6421	1.641
6422	1.776
6423	1.870
6424	1.624
6425	2.031
6426	2.044
6427	1.990
6428	2.093
6429	1.880
6430	1.791
6431	1.506
6432	1.739
6433	1.952
6434	1.985
6435	1.831
6436	1.987
6437	1.790
6438	2.041
6439	1.963
6440	2.170
6441	1.691
6442	1.805
6443	1.709
6444	1.906
6445	2.548
6446	1.891
6447	1.794
6448	1.803
6449	1.666
6450	1.970
6451	1.860
6452	1.659
6453	2.115
6454	1.854
6455	1.723
6456	1.813
6457	1.877
6458	1.750
6459	1.947
6460	1.626
6461	1.696
6462	2.056
6463	2.092
6464	2.424
6465	2.188
6466	1.883
6467	1.899
6468	2.025
6469	1.858
6470	2.157
6471	1.927
6472	1.872
6473	2.189
6474	1.974
6475	2.325
6476	2.168
6477	1.674
6478	1.570
6479	1.580
6480	1.794
6481	1.929
6482	1.781
6483	2.045
6484	1.517
6485	2.096
6486	1.863
6487	1.421
6488	1.554
6489	2.312
6490	2.286
6491	2.030
6492	1.902
6493	2.086
6494	1.753
6495	2.216
6496	1.915
6497	1.932
6498	1.884
6499	1.864
6500	2.215
6501	1.530
6502	1.551
6503	1.864
6504	1.641
6505	1.590
6506	1.533
6507	1.775
6508	2.103
6509	1.748
6510	1.847
6511	2.243
6512	1.818
6513	1.913
6514	2.125
6515	2.013
6516	2.442
6517	1.986
6518	1.773
6519	2.015
6520	2.093
6521	2.081
6522	2.038
6523	2.217
6524	1.973
6525	1.820
6526	1.655
6527	1.778
6528	1.659
6529	1.907
6530	2.012
6531	1.700
6532	1.838
6533	1.670
6534	1.751
6535	1.927
6536	2.180
6537	1.568
6538	1.918
6539	1.586
6540	2.149
6541	1.957
6542	1.698
6543	1.814
6544	1.453
6545	1.520
6546	1.583
6547	1.645
6548	1.600
6549	1.827
6550	2.125
6551	1.916
6552	2.204
6553	2.063
6554	2.030
6555	2.314
6556	1.933
6557	1.993
6558	1.694
6559	1.625
6560	2.256
6561	2.441
6562	2.097
6563	1.627
6564	1.592
6565	1.880
6566	2.246
6567	2.253
6568	1.719
6569	1.598
6570	1.828
6571	1.904
6572	1.759
6573	1.717
6574	2.206
6575	1.601
6576	1.474
6577	1.825
6578	1.710
6579	1.845
6580	1.636
6581	1.816
6582	1.838
6583	1.716
6584	2.025
6585	1.941
6586	1.927
6587	1.703
6588	1.792
6589	1.757
6590	1.551
6591	1.635
6592	1.623
6593	1.518
6594	1.607
6595	1.698
6596	1.855
6597	1.925
6598	1.738
6599	1.556
6600	1.562
6601	1.823
6602	1.632
6603	2.076
6604	1.944
6605	2.237
6606	1.950
6607	2.528
6608	1.891
6609	1.973
6610	1.846
6611	1.794
6612	1.734
6613	1.786
6614	2.097
6615	1.875
6616	1.835
6617	1.790
6618	1.692
6619	2.212
6620	2.148
6621	2.122
6622	2.168
6623	1.960
6624	1.549
6625	2.101
6626	1.776
6627	2.026
6628	1.655
6629	1.810
6630	1.603
6631	1.836
6632	1.768
6633	2.220
6634	2.103
6635	1.713
6636	1.880
6637	1.992
6638	2.071
6639	2.032
6640	1.939
6641	1.856
6642	1.704
6643	2.322
6644	2.012
6645	2.095
6646	1.512
6647	1.879
6648	1.652
6649	1.574
6650	2.287
6651	1.916
6652	1.756
6653	1.880
6654	1.855
6655	2.010
6656	2.062
6657	1.998
6658	1.756
6659	1.964
6660	2.378
6661	2.142
6662	2.251
6663	2.240
6664	2.136
6665	2.162
6666	1.957
6667	1.805
6668	2.304
6669	1.940
6670	1.679
6671	1.764
6672	1.457
6673	1.740
6674	2.086
6675	1.688
6676	2.025
6677	1.830
6678	1.635
6679	2.040
6680	2.586
6681	2.076
6682	1.969
6683	1.945
6684	1.814
6685	1.790
6686	2.042
6687	1.692
6688	1.648
6689	1.641
6690	1.566
6691	1.800
6692	1.948
6693	1.693
6694	1.978
6695	1.895
6696	1.936
6697	1.837
6698	1.801
6699	1.989
6700	1.732
6701	1.695
6702	1.595
6703	1.596
6704	1.682
6705	1.912
6706	1.941
6707	1.992
6708	1.574
6709	1.704
6710	1.754
6711	1.714
6712	1.886
6713	1.852
6714	1.999
6715	1.785
6716	1.822
6717	1.851
6718	2.054
6719	1.864
6720	1.494
6721	1.607
6722	1.723
6723	1.851
6724	1.599
6725	2.022
6726	1.892
6727	1.779
6728	1.821
6729	1.717
6730	2.012
6731	1.802
6732	2.142
6733	2.120
6734	1.814
6735	1.994
6736	1.751
6737	1.771
6738	1.750
6739	1.648
6740	2.255
6741	1.583
6742	1.761
6743	1.540
6744	1.871
6745	2.104
6746	1.784
6747	1.662
6748	1.768
6749	1.814
6750	1.948
6751	1.675
6752	1.940
6753	2.035
6754	2.313
6755	1.814
6756	1.832
6757	2.129
6758	1.750
6759	1.746
6760	1.862
6761	1.604
6762	1.741
6763	1.564
6764	1.549
6765	1.545
6766	1.840
6767	1.910
6768	1.578
6769	2.228
6770	1.944
6771	2.038
6772	1.645
6773	1.671
6774	1.709
6775	1.836
6776	1.730
6777	2.007
6778	1.950
6779	1.735
6780	1.847
6781	1.555
6782	1.647
6783	1.787
6784	1.887
6785	1.720
6786	2.054
6787	1.801
6788	1.839
6789	1.731
6790	1.721
6791	1.681
6792	1.709
6793	1.723
6794	1.868
6795	2.036
6796	1.900
6797	1.929
6798	1.736
6799	1.788
6800	1.819
6801	1.562
6802	2.027
6803	1.627
6804	2.019
6805	2.200
6806	1.887
6807	1.951
6808	1.834
6809	1.662
6810	1.702
6811	1.750
6812	1.574
6813	1.763
6814	1.754
6815	1.687
6816	1.504
6817	2.051
6818	2.222
6819	1.763
6820	1.677
6821	1.718
6822	1.913
6823	1.823
6824	1.683
6825	1.784
6826	1.759
6827	1.987
6828	1.882
6829	1.773
6830	1.619
6831	1.727
6832	2.681
6833	1.761
6834	1.768
6835	1.882
6836	1.802
6837	1.889
6838	1.757
6839	2.160
6840	2.001
6841	1.574
6842	1.888
6843	2.133
6844	1.598
6845	2.015
6846	1.992
6847	1.843
6848	1.387
6849	1.516
6850	1.646
6851	1.786
6852	1.510
6853	1.974
6854	1.443
6855	2.044
6856	1.667
6857	1.929
6858	1.881
6859	1.903
6860	1.958
6861	2.098
6862	1.555
6863	1.721
6864	1.531
6865	1.850
6866	2.123
6867	1.905
6868	1.934
6869	2.463
6870	1.843
6871	1.798
6872	1.851
6873	2.375
6874	2.599
6875	1.953
6876	1.709
6877	1.856
6878	2.359
6879	2.344
6880	1.975
6881	2.123
6882	2.242
6883	1.624
6884	1.776
6885	2.053
6886	2.102
6887	1.735
6888	2.041
6889	2.593
6890	1.525
6891	1.891
6892	1.874
6893	2.255
6894	1.964
6895	2.297
6896	1.748
6897	1.771
6898	1.693
6899	1.850
6900	2.055
6901	2.430
6902	2.138
6903	2.089
6904	1.784
6905	1.805
6906	1.741
6907	1.767
6908	1.340
6909	1.784
6910	1.558
6911	1.753
6912	1.696
6913	1.823
6914	1.484
6915	1.826
6916	2.014
6917	1.776
6918	1.945
6919	1.769
6920	1.666
6921	1.541
6922	2.143
6923	1.819
6924	1.556
6925	1.656
6926	1.828
6927	1.591
6928	1.531
6929	1.708
6930	2.035
6931	2.083
6932	2.058
6933	1.968
6934	2.061
6935	1.817
6936	1.485
6937	1.924
6938	1.895
6939	2.076
6940	1.863
6941	1.694
6942	1.779
6943	1.599
6944	1.705
6945	1.757
6946	1.782
6947	1.952
6948	1.928
6949	1.906
6950	2.052
6951	2.008
6952	1.896
6953	1.732
6954	1.904
6955	1.901
6956	1.860
6957	1.911
6958	2.040
6959	2.025
6960	1.859
6961	1.721
6962	1.671
6963	1.976
6964	1.796
6965	1.751
6966	1.948
6967	1.684
6968	1.935
6969	1.854
6970	1.694
6971	1.538
6972	1.873
6973	2.656
6974	1.771
6975	1.918
6976	2.119
6977	1.794
6978	1.892
6979	2.054
6980	1.847
6981	1.905
6982	1.898
6983	1.803
6984	1.822
6985	2.118
6986	1.888
6987	2.077
6988	2.037
6989	1.877
6990	2.112
6991	1.606
6992	1.943
6993	1.652
6994	2.107
6995	1.814
6996	1.848
6997	1.998
6998	1.779
6999	2.061
7000	1.931
